{"/home/travis/build/npmtest/node-npmtest-spotify-web/test.js":{"path":"/home/travis/build/npmtest/node-npmtest-spotify-web/test.js","s":{"1":2,"2":2,"3":2,"4":2,"5":2,"6":2,"7":2,"8":1,"9":2,"10":2,"11":1,"12":1,"13":1,"14":1,"15":2,"16":2,"17":2,"18":2,"19":1,"20":1,"21":2,"22":2,"23":2,"24":1,"25":1,"26":1,"27":1,"28":1,"29":1,"30":1,"31":1,"32":1,"33":1,"34":1,"35":1,"36":1,"37":1,"38":1,"39":2,"40":2,"41":1,"42":2,"43":2,"44":1,"45":2,"46":2,"47":1,"48":2,"49":2,"50":1,"51":1,"52":1,"53":1,"54":1},"b":{"1":[2,1,1,1],"2":[1,1,1,1],"3":[1,1],"4":[1,1],"5":[1,1],"6":[1,1],"7":[1,1],"8":[1,1],"9":[1,1],"10":[1,1,1],"11":[1,1],"12":[1,1],"13":[1,1],"14":[1,1],"15":[1,1],"16":[1,1],"17":[1,1]},"f":{"1":2,"2":2,"3":2,"4":2,"5":2,"6":1,"7":1,"8":1,"9":2,"10":2,"11":2,"12":2,"13":1},"fnMap":{"1":{"name":"(anonymous_1)","line":12,"loc":{"start":{"line":12,"column":1},"end":{"line":12,"column":13}}},"2":{"name":"(anonymous_2)","line":19,"loc":{"start":{"line":19,"column":5},"end":{"line":19,"column":17}}},"3":{"name":"(anonymous_3)","line":23,"loc":{"start":{"line":23,"column":24},"end":{"line":23,"column":36}}},"4":{"name":"(anonymous_4)","line":61,"loc":{"start":{"line":61,"column":5},"end":{"line":61,"column":17}}},"5":{"name":"(anonymous_5)","line":82,"loc":{"start":{"line":82,"column":5},"end":{"line":82,"column":17}}},"6":{"name":"(anonymous_6)","line":91,"loc":{"start":{"line":91,"column":77},"end":{"line":94,"column":10}}},"7":{"name":"(anonymous_7)","line":112,"loc":{"start":{"line":112,"column":83},"end":{"line":115,"column":10}},"skip":true},"8":{"name":"(anonymous_8)","line":123,"loc":{"start":{"line":123,"column":77},"end":{"line":126,"column":10}},"skip":true},"9":{"name":"(anonymous_9)","line":139,"loc":{"start":{"line":139,"column":12},"end":{"line":139,"column":40}},"skip":true},"10":{"name":"(anonymous_10)","line":147,"loc":{"start":{"line":147,"column":77},"end":{"line":150,"column":10}},"skip":true},"11":{"name":"(anonymous_11)","line":158,"loc":{"start":{"line":158,"column":83},"end":{"line":161,"column":10}},"skip":true},"12":{"name":"(anonymous_12)","line":169,"loc":{"start":{"line":169,"column":79},"end":{"line":172,"column":10}},"skip":true},"13":{"name":"(anonymous_13)","line":180,"loc":{"start":{"line":180,"column":75},"end":{"line":183,"column":10}},"skip":true}},"statementMap":{"1":{"start":{"line":12,"column":0},"end":{"line":195,"column":5}},"2":{"start":{"line":14,"column":4},"end":{"line":14,"column":14}},"3":{"start":{"line":19,"column":4},"end":{"line":56,"column":9}},"4":{"start":{"line":21,"column":8},"end":{"line":21,"column":19}},"5":{"start":{"line":23,"column":8},"end":{"line":35,"column":13}},"6":{"start":{"line":24,"column":12},"end":{"line":34,"column":13}},"7":{"start":{"line":25,"column":16},"end":{"line":28,"column":30}},"8":{"start":{"line":30,"column":16},"end":{"line":33,"column":27}},"9":{"start":{"line":37,"column":8},"end":{"line":39,"column":21}},"10":{"start":{"line":40,"column":8},"end":{"line":53,"column":9}},"11":{"start":{"line":43,"column":12},"end":{"line":46,"column":14}},"12":{"start":{"line":47,"column":12},"end":{"line":47,"column":18}},"13":{"start":{"line":50,"column":12},"end":{"line":51,"column":33}},"14":{"start":{"line":52,"column":12},"end":{"line":52,"column":18}},"15":{"start":{"line":55,"column":8},"end":{"line":55,"column":35}},"16":{"start":{"line":61,"column":4},"end":{"line":63,"column":9}},"17":{"start":{"line":62,"column":8},"end":{"line":62,"column":15}},"18":{"start":{"line":64,"column":4},"end":{"line":77,"column":5}},"19":{"start":{"line":70,"column":8},"end":{"line":70,"column":14}},"20":{"start":{"line":76,"column":8},"end":{"line":76,"column":14}},"21":{"start":{"line":82,"column":4},"end":{"line":84,"column":9}},"22":{"start":{"line":83,"column":8},"end":{"line":83,"column":15}},"23":{"start":{"line":85,"column":4},"end":{"line":194,"column":5}},"24":{"start":{"line":91,"column":8},"end":{"line":99,"column":10}},"25":{"start":{"line":98,"column":12},"end":{"line":98,"column":35}},"26":{"start":{"line":102,"column":8},"end":{"line":104,"column":63}},"27":{"start":{"line":105,"column":8},"end":{"line":105,"column":14}},"28":{"start":{"line":112,"column":8},"end":{"line":121,"column":10},"skip":true},"29":{"start":{"line":119,"column":12},"end":{"line":119,"column":55},"skip":true},"30":{"start":{"line":120,"column":12},"end":{"line":120,"column":48},"skip":true},"31":{"start":{"line":123,"column":8},"end":{"line":136,"column":10},"skip":true},"32":{"start":{"line":130,"column":12},"end":{"line":130,"column":76},"skip":true},"33":{"start":{"line":131,"column":12},"end":{"line":131,"column":73},"skip":true},"34":{"start":{"line":132,"column":12},"end":{"line":132,"column":74},"skip":true},"35":{"start":{"line":133,"column":12},"end":{"line":133,"column":79},"skip":true},"36":{"start":{"line":134,"column":12},"end":{"line":134,"column":25},"skip":true},"37":{"start":{"line":135,"column":12},"end":{"line":135,"column":45},"skip":true},"38":{"start":{"line":138,"column":8},"end":{"line":145,"column":14},"skip":true},"39":{"start":{"line":143,"column":16},"end":{"line":143,"column":29},"skip":true},"40":{"start":{"line":144,"column":16},"end":{"line":144,"column":55},"skip":true},"41":{"start":{"line":147,"column":8},"end":{"line":156,"column":10},"skip":true},"42":{"start":{"line":154,"column":12},"end":{"line":154,"column":25},"skip":true},"43":{"start":{"line":155,"column":12},"end":{"line":155,"column":45},"skip":true},"44":{"start":{"line":158,"column":8},"end":{"line":167,"column":10},"skip":true},"45":{"start":{"line":165,"column":12},"end":{"line":165,"column":25},"skip":true},"46":{"start":{"line":166,"column":12},"end":{"line":166,"column":48},"skip":true},"47":{"start":{"line":169,"column":8},"end":{"line":178,"column":10},"skip":true},"48":{"start":{"line":176,"column":12},"end":{"line":176,"column":25},"skip":true},"49":{"start":{"line":177,"column":12},"end":{"line":177,"column":46},"skip":true},"50":{"start":{"line":180,"column":8},"end":{"line":189,"column":10},"skip":true},"51":{"start":{"line":187,"column":12},"end":{"line":187,"column":94},"skip":true},"52":{"start":{"line":188,"column":12},"end":{"line":188,"column":48},"skip":true},"53":{"start":{"line":192,"column":8},"end":{"line":192,"column":35},"skip":true},"54":{"start":{"line":193,"column":8},"end":{"line":193,"column":14},"skip":true}},"branchMap":{"1":{"line":25,"type":"binary-expr","locations":[{"start":{"line":25,"column":23},"end":{"line":25,"column":62}},{"start":{"line":26,"column":20},"end":{"line":26,"column":70}},{"start":{"line":27,"column":20},"end":{"line":27,"column":71}},{"start":{"line":28,"column":20},"end":{"line":28,"column":29}}]},"2":{"line":30,"type":"binary-expr","locations":[{"start":{"line":30,"column":23},"end":{"line":30,"column":37}},{"start":{"line":31,"column":20},"end":{"line":31,"column":61}},{"start":{"line":32,"column":20},"end":{"line":32,"column":70}},{"start":{"line":33,"column":20},"end":{"line":33,"column":26}}]},"3":{"line":37,"type":"cond-expr","locations":[{"start":{"line":38,"column":14},"end":{"line":38,"column":20}},{"start":{"line":39,"column":14},"end":{"line":39,"column":20}}]},"4":{"line":40,"type":"switch","locations":[{"start":{"line":42,"column":8},"end":{"line":47,"column":18}},{"start":{"line":49,"column":8},"end":{"line":52,"column":18}}]},"5":{"line":44,"type":"binary-expr","locations":[{"start":{"line":44,"column":16},"end":{"line":44,"column":44}},{"start":{"line":44,"column":48},"end":{"line":44,"column":66}}]},"6":{"line":50,"type":"binary-expr","locations":[{"start":{"line":50,"column":21},"end":{"line":50,"column":49}},{"start":{"line":50,"column":53},"end":{"line":50,"column":72}}]},"7":{"line":64,"type":"switch","locations":[{"start":{"line":69,"column":4},"end":{"line":70,"column":14}},{"start":{"line":75,"column":4},"end":{"line":76,"column":14}}]},"8":{"line":85,"type":"switch","locations":[{"start":{"line":90,"column":4},"end":{"line":105,"column":14}},{"start":{"line":111,"column":4},"end":{"line":193,"column":14},"skip":true}]},"9":{"line":91,"type":"binary-expr","locations":[{"start":{"line":91,"column":42},"end":{"line":91,"column":73}},{"start":{"line":91,"column":77},"end":{"line":99,"column":9}}]},"10":{"line":102,"type":"binary-expr","locations":[{"start":{"line":102,"column":18},"end":{"line":102,"column":32}},{"start":{"line":103,"column":12},"end":{"line":103,"column":53}},{"start":{"line":104,"column":12},"end":{"line":104,"column":61}}]},"11":{"line":112,"type":"binary-expr","locations":[{"start":{"line":112,"column":45},"end":{"line":112,"column":79},"skip":true},{"start":{"line":112,"column":83},"end":{"line":121,"column":9},"skip":true}]},"12":{"line":123,"type":"binary-expr","locations":[{"start":{"line":123,"column":42},"end":{"line":123,"column":73},"skip":true},{"start":{"line":123,"column":77},"end":{"line":136,"column":9},"skip":true}]},"13":{"line":138,"type":"binary-expr","locations":[{"start":{"line":138,"column":48},"end":{"line":138,"column":85},"skip":true},{"start":{"line":139,"column":12},"end":{"line":145,"column":13},"skip":true}]},"14":{"line":147,"type":"binary-expr","locations":[{"start":{"line":147,"column":42},"end":{"line":147,"column":73},"skip":true},{"start":{"line":147,"column":77},"end":{"line":156,"column":9},"skip":true}]},"15":{"line":158,"type":"binary-expr","locations":[{"start":{"line":158,"column":45},"end":{"line":158,"column":79},"skip":true},{"start":{"line":158,"column":83},"end":{"line":167,"column":9},"skip":true}]},"16":{"line":169,"type":"binary-expr","locations":[{"start":{"line":169,"column":43},"end":{"line":169,"column":75},"skip":true},{"start":{"line":169,"column":79},"end":{"line":178,"column":9},"skip":true}]},"17":{"line":180,"type":"binary-expr","locations":[{"start":{"line":180,"column":41},"end":{"line":180,"column":71},"skip":true},{"start":{"line":180,"column":75},"end":{"line":189,"column":9},"skip":true}]}},"code":["/* istanbul instrument in package npmtest_spotify_web */","/*jslint","    bitwise: true,","    browser: true,","    maxerr: 8,","    maxlen: 96,","    node: true,","    nomen: true,","    regexp: true,","    stupid: true","*/","(function () {","    'use strict';","    var local;","","","","    // run shared js-env code - pre-init","    (function () {","        // init local","        local = {};","        // init modeJs","        local.modeJs = (function () {","            try {","                return typeof navigator.userAgent === 'string' &&","                    typeof document.querySelector('body') === 'object' &&","                    typeof XMLHttpRequest.prototype.open === 'function' &&","                    'browser';","            } catch (errorCaughtBrowser) {","                return module.exports &&","                    typeof process.versions.node === 'string' &&","                    typeof require('http').createServer === 'function' &&","                    'node';","            }","        }());","        // init global","        local.global = local.modeJs === 'browser'","            ? window","            : global;","        switch (local.modeJs) {","        // re-init local from window.local","        case 'browser':","            local = local.global.utility2.objectSetDefault(","                local.global.utility2_rollup || local.global.local,","                local.global.utility2","            );","            break;","        // re-init local from example.js","        case 'node':","            local = (local.global.utility2_rollup || require('utility2'))","                .requireReadme();","            break;","        }","        // export local","        local.global.local = local;","    }());","","","","    // run shared js-env code - function","    (function () {","        return;","    }());","    switch (local.modeJs) {","","","","    // run browser js-env code - function","    case 'browser':","        break;","","","","    // run node js-env code - function","    case 'node':","        break;","    }","","","","    // run shared js-env code - post-init","    (function () {","        return;","    }());","    switch (local.modeJs) {","","","","    // run browser js-env code - post-init","    case 'browser':","        local.testCase_browser_nullCase = local.testCase_browser_nullCase || function (","            options,","            onError","        ) {","        /*","         * this function will test browsers's null-case handling-behavior-behavior","         */","            onError(null, options);","        };","","        // run tests","        local.nop(local.modeTest &&","            document.querySelector('#testRunButton1') &&","            document.querySelector('#testRunButton1').click());","        break;","","","","    // run node js-env code - post-init","    /* istanbul ignore next */","    case 'node':","        local.testCase_buildApidoc_default = local.testCase_buildApidoc_default || function (","            options,","            onError","        ) {","        /*","         * this function will test buildApidoc's default handling-behavior-behavior","         */","            options = { modulePathList: module.paths };","            local.buildApidoc(options, onError);","        };","","        local.testCase_buildApp_default = local.testCase_buildApp_default || function (","            options,","            onError","        ) {","        /*","         * this function will test buildApp's default handling-behavior-behavior","         */","            local.testCase_buildReadme_default(options, local.onErrorThrow);","            local.testCase_buildLib_default(options, local.onErrorThrow);","            local.testCase_buildTest_default(options, local.onErrorThrow);","            local.testCase_buildCustomOrg_default(options, local.onErrorThrow);","            options = [];","            local.buildApp(options, onError);","        };","","        local.testCase_buildCustomOrg_default = local.testCase_buildCustomOrg_default ||","            function (options, onError) {","            /*","             * this function will test buildCustomOrg's default handling-behavior","             */","                options = {};","                local.buildCustomOrg(options, onError);","            };","","        local.testCase_buildLib_default = local.testCase_buildLib_default || function (","            options,","            onError","        ) {","        /*","         * this function will test buildLib's default handling-behavior","         */","            options = {};","            local.buildLib(options, onError);","        };","","        local.testCase_buildReadme_default = local.testCase_buildReadme_default || function (","            options,","            onError","        ) {","        /*","         * this function will test buildReadme's default handling-behavior-behavior","         */","            options = {};","            local.buildReadme(options, onError);","        };","","        local.testCase_buildTest_default = local.testCase_buildTest_default || function (","            options,","            onError","        ) {","        /*","         * this function will test buildTest's default handling-behavior","         */","            options = {};","            local.buildTest(options, onError);","        };","","        local.testCase_webpage_default = local.testCase_webpage_default || function (","            options,","            onError","        ) {","        /*","         * this function will test webpage's default handling-behavior","         */","            options = { modeCoverageMerge: true, url: local.serverLocalHost + '?modeTest=1' };","            local.browserTest(options, onError);","        };","","        // run test-server","        local.testRunServer(local);","        break;","    }","}());",""],"l":{"12":2,"14":2,"19":2,"21":2,"23":2,"24":2,"25":2,"30":1,"37":2,"40":2,"43":1,"47":1,"50":1,"52":1,"55":2,"61":2,"62":2,"64":2,"70":1,"76":1,"82":2,"83":2,"85":2,"91":1,"98":1,"102":1,"105":1,"112":1,"119":1,"120":1,"123":1,"130":1,"131":1,"132":1,"133":1,"134":1,"135":1,"138":1,"143":2,"144":2,"147":1,"154":2,"155":2,"158":1,"165":2,"166":2,"169":1,"176":2,"177":2,"180":1,"187":1,"188":1,"192":1,"193":1}},"/home/travis/build/npmtest/node-npmtest-spotify-web/lib.npmtest_spotify_web.js":{"path":"/home/travis/build/npmtest/node-npmtest-spotify-web/lib.npmtest_spotify_web.js","s":{"1":2,"2":2,"3":2,"4":2,"5":2,"6":2,"7":2,"8":1,"9":2,"10":2,"11":2,"12":2,"13":1,"14":1,"15":1,"16":1},"b":{"1":[2,1,1,1],"2":[1,1,1,1],"3":[1,1],"4":[2,2],"5":[1,1]},"f":{"1":2,"2":2,"3":2},"fnMap":{"1":{"name":"(anonymous_1)","line":12,"loc":{"start":{"line":12,"column":1},"end":{"line":12,"column":13}}},"2":{"name":"(anonymous_2)","line":19,"loc":{"start":{"line":19,"column":5},"end":{"line":19,"column":17}}},"3":{"name":"(anonymous_3)","line":23,"loc":{"start":{"line":23,"column":24},"end":{"line":23,"column":36}}}},"statementMap":{"1":{"start":{"line":12,"column":0},"end":{"line":53,"column":5}},"2":{"start":{"line":14,"column":4},"end":{"line":14,"column":14}},"3":{"start":{"line":19,"column":4},"end":{"line":52,"column":9}},"4":{"start":{"line":21,"column":8},"end":{"line":21,"column":19}},"5":{"start":{"line":23,"column":8},"end":{"line":35,"column":13}},"6":{"start":{"line":24,"column":12},"end":{"line":34,"column":13}},"7":{"start":{"line":25,"column":16},"end":{"line":28,"column":30}},"8":{"start":{"line":30,"column":16},"end":{"line":33,"column":27}},"9":{"start":{"line":37,"column":8},"end":{"line":39,"column":21}},"10":{"start":{"line":41,"column":8},"end":{"line":41,"column":54}},"11":{"start":{"line":43,"column":8},"end":{"line":43,"column":56}},"12":{"start":{"line":45,"column":8},"end":{"line":51,"column":9}},"13":{"start":{"line":46,"column":12},"end":{"line":46,"column":62}},"14":{"start":{"line":48,"column":12},"end":{"line":48,"column":35}},"15":{"start":{"line":49,"column":12},"end":{"line":49,"column":49}},"16":{"start":{"line":50,"column":12},"end":{"line":50,"column":43}}},"branchMap":{"1":{"line":25,"type":"binary-expr","locations":[{"start":{"line":25,"column":23},"end":{"line":25,"column":62}},{"start":{"line":26,"column":20},"end":{"line":26,"column":70}},{"start":{"line":27,"column":20},"end":{"line":27,"column":71}},{"start":{"line":28,"column":20},"end":{"line":28,"column":29}}]},"2":{"line":30,"type":"binary-expr","locations":[{"start":{"line":30,"column":23},"end":{"line":30,"column":37}},{"start":{"line":31,"column":20},"end":{"line":31,"column":61}},{"start":{"line":32,"column":20},"end":{"line":32,"column":70}},{"start":{"line":33,"column":20},"end":{"line":33,"column":26}}]},"3":{"line":37,"type":"cond-expr","locations":[{"start":{"line":38,"column":14},"end":{"line":38,"column":20}},{"start":{"line":39,"column":14},"end":{"line":39,"column":20}}]},"4":{"line":41,"type":"binary-expr","locations":[{"start":{"line":41,"column":16},"end":{"line":41,"column":44}},{"start":{"line":41,"column":48},"end":{"line":41,"column":53}}]},"5":{"line":45,"type":"if","locations":[{"start":{"line":45,"column":8},"end":{"line":45,"column":8}},{"start":{"line":45,"column":8},"end":{"line":45,"column":8}}]}},"code":["/* istanbul instrument in package npmtest_spotify_web */","/*jslint","    bitwise: true,","    browser: true,","    maxerr: 8,","    maxlen: 96,","    node: true,","    nomen: true,","    regexp: true,","    stupid: true","*/","(function () {","    'use strict';","    var local;","","","","    // run shared js-env code - pre-init","    (function () {","        // init local","        local = {};","        // init modeJs","        local.modeJs = (function () {","            try {","                return typeof navigator.userAgent === 'string' &&","                    typeof document.querySelector('body') === 'object' &&","                    typeof XMLHttpRequest.prototype.open === 'function' &&","                    'browser';","            } catch (errorCaughtBrowser) {","                return module.exports &&","                    typeof process.versions.node === 'string' &&","                    typeof require('http').createServer === 'function' &&","                    'node';","            }","        }());","        // init global","        local.global = local.modeJs === 'browser'","            ? window","            : global;","        // init utility2_rollup","        local = local.global.utility2_rollup || local;","        // init lib","        local.local = local.npmtest_spotify_web = local;","        // init exports","        if (local.modeJs === 'browser') {","            local.global.utility2_npmtest_spotify_web = local;","        } else {","            module.exports = local;","            module.exports.__dirname = __dirname;","            module.exports.module = module;","        }","    }());","}());",""],"l":{"12":2,"14":2,"19":2,"21":2,"23":2,"24":2,"25":2,"30":1,"37":2,"41":2,"43":2,"45":2,"46":1,"48":1,"49":1,"50":1}},"/home/travis/build/npmtest/node-npmtest-spotify-web/example.js":{"path":"/home/travis/build/npmtest/node-npmtest-spotify-web/example.js","s":{"1":2,"2":2,"3":2,"4":2,"5":2,"6":2,"7":2,"8":1,"9":2,"10":2,"11":2,"12":2,"13":1,"14":2,"15":2,"16":2,"17":2,"18":2,"19":0,"20":2,"21":1,"22":1,"23":1,"24":1,"25":1,"26":0,"27":0,"28":1,"29":1,"30":2,"31":0,"32":0,"33":0,"34":1,"35":2,"36":2,"37":3,"38":3,"39":3,"40":3,"41":0,"42":3,"43":3,"44":3,"45":1,"46":3,"47":1,"48":1,"49":1,"50":1,"51":1,"52":1,"53":1,"54":1,"55":1,"56":1,"57":0,"58":1,"59":6,"60":6,"61":1,"62":2,"63":0,"64":2,"65":1,"66":1,"67":0,"68":0,"69":0,"70":0,"71":0,"72":0,"73":0,"74":0,"75":0,"76":0,"77":0,"78":0,"79":0,"80":0,"81":0,"82":0,"83":0},"b":{"1":[2,1,1,1],"2":[1,1,1,1],"3":[1,1],"4":[2,2],"5":[1,1],"6":[1,1],"7":[2,0],"8":[2,1,1,1,1,1],"9":[0,2,0],"10":[1,1],"11":[2,1,1],"12":[1,0],"13":[0,2],"14":[2,0,0,0,0,0,0],"15":[0,3],"16":[3,0],"17":[1,1],"18":[0,1],"19":[1,2,0,2],"20":[1,0],"21":[1,1],"22":[0,0],"23":[0,0],"24":[0,0],"25":[0,0],"26":[0,0],"27":[0,0],"28":[0,0]},"f":{"1":2,"2":2,"3":2,"4":2,"5":2,"6":2,"7":3,"8":3,"9":3,"10":1,"11":6,"12":0},"fnMap":{"1":{"name":"(anonymous_1)","line":26,"loc":{"start":{"line":26,"column":1},"end":{"line":26,"column":13}}},"2":{"name":"(anonymous_2)","line":33,"loc":{"start":{"line":33,"column":5},"end":{"line":33,"column":17}}},"3":{"name":"(anonymous_3)","line":37,"loc":{"start":{"line":37,"column":24},"end":{"line":37,"column":36}}},"4":{"name":"(anonymous_4)","line":69,"loc":{"start":{"line":69,"column":31},"end":{"line":69,"column":48}},"skip":true},"5":{"name":"(anonymous_5)","line":78,"loc":{"start":{"line":78,"column":26},"end":{"line":78,"column":45}},"skip":true},"6":{"name":"(anonymous_6)","line":123,"loc":{"start":{"line":123,"column":33},"end":{"line":123,"column":48}},"skip":true},"7":{"name":"(anonymous_7)","line":125,"loc":{"start":{"line":125,"column":27},"end":{"line":125,"column":39}},"skip":true},"8":{"name":"(anonymous_8)","line":133,"loc":{"start":{"line":133,"column":59},"end":{"line":133,"column":74}},"skip":true},"9":{"name":"(anonymous_9)","line":143,"loc":{"start":{"line":143,"column":45},"end":{"line":143,"column":62}},"skip":true},"10":{"name":"(anonymous_10)","line":144,"loc":{"start":{"line":144,"column":73},"end":{"line":144,"column":92}},"skip":true},"11":{"name":"(anonymous_11)","line":272,"loc":{"start":{"line":272,"column":51},"end":{"line":272,"column":77}},"skip":true},"12":{"name":"(anonymous_12)","line":315,"loc":{"start":{"line":315,"column":32},"end":{"line":315,"column":61}},"skip":true}},"statementMap":{"1":{"start":{"line":26,"column":0},"end":{"line":326,"column":5}},"2":{"start":{"line":28,"column":4},"end":{"line":28,"column":14}},"3":{"start":{"line":33,"column":4},"end":{"line":60,"column":9}},"4":{"start":{"line":35,"column":8},"end":{"line":35,"column":19}},"5":{"start":{"line":37,"column":8},"end":{"line":49,"column":13}},"6":{"start":{"line":38,"column":12},"end":{"line":48,"column":13}},"7":{"start":{"line":39,"column":16},"end":{"line":42,"column":30}},"8":{"start":{"line":44,"column":16},"end":{"line":47,"column":27}},"9":{"start":{"line":51,"column":8},"end":{"line":53,"column":21}},"10":{"start":{"line":55,"column":8},"end":{"line":57,"column":45}},"11":{"start":{"line":59,"column":8},"end":{"line":59,"column":35}},"12":{"start":{"line":61,"column":4},"end":{"line":325,"column":5}},"13":{"start":{"line":69,"column":8},"end":{"line":121,"column":10},"skip":true},"14":{"start":{"line":70,"column":12},"end":{"line":88,"column":13},"skip":true},"15":{"start":{"line":76,"column":16},"end":{"line":87,"column":19},"skip":true},"16":{"start":{"line":79,"column":20},"end":{"line":86,"column":21},"skip":true},"17":{"start":{"line":82,"column":24},"end":{"line":82,"column":43},"skip":true},"18":{"start":{"line":83,"column":24},"end":{"line":83,"column":30},"skip":true},"19":{"start":{"line":85,"column":24},"end":{"line":85,"column":49},"skip":true},"20":{"start":{"line":89,"column":12},"end":{"line":107,"column":13},"skip":true},"21":{"start":{"line":92,"column":16},"end":{"line":102,"column":17},"skip":true},"22":{"start":{"line":93,"column":20},"end":{"line":93,"column":86},"skip":true},"23":{"start":{"line":94,"column":20},"end":{"line":95,"column":45},"skip":true},"24":{"start":{"line":96,"column":20},"end":{"line":96,"column":42},"skip":true},"25":{"start":{"line":97,"column":20},"end":{"line":97,"column":48},"skip":true},"26":{"start":{"line":100,"column":20},"end":{"line":100,"column":85},"skip":true},"27":{"start":{"line":101,"column":20},"end":{"line":101,"column":96},"skip":true},"28":{"start":{"line":103,"column":16},"end":{"line":103,"column":22},"skip":true},"29":{"start":{"line":106,"column":16},"end":{"line":106,"column":22},"skip":true},"30":{"start":{"line":108,"column":12},"end":{"line":120,"column":13},"skip":true},"31":{"start":{"line":114,"column":16},"end":{"line":119,"column":17},"skip":true},"32":{"start":{"line":116,"column":20},"end":{"line":116,"column":78},"skip":true},"33":{"start":{"line":118,"column":20},"end":{"line":118,"column":47},"skip":true},"34":{"start":{"line":123,"column":8},"end":{"line":141,"column":11},"skip":true},"35":{"start":{"line":124,"column":12},"end":{"line":124,"column":54},"skip":true},"36":{"start":{"line":125,"column":12},"end":{"line":140,"column":14},"skip":true},"37":{"start":{"line":126,"column":16},"end":{"line":126,"column":28},"skip":true},"38":{"start":{"line":127,"column":16},"end":{"line":127,"column":69},"skip":true},"39":{"start":{"line":128,"column":16},"end":{"line":128,"column":75},"skip":true},"40":{"start":{"line":129,"column":16},"end":{"line":131,"column":17},"skip":true},"41":{"start":{"line":130,"column":20},"end":{"line":130,"column":27},"skip":true},"42":{"start":{"line":133,"column":16},"end":{"line":137,"column":36},"skip":true},"43":{"start":{"line":134,"column":20},"end":{"line":136,"column":55},"skip":true},"44":{"start":{"line":139,"column":16},"end":{"line":139,"column":57},"skip":true},"45":{"start":{"line":143,"column":8},"end":{"line":147,"column":11},"skip":true},"46":{"start":{"line":144,"column":12},"end":{"line":146,"column":15},"skip":true},"47":{"start":{"line":145,"column":16},"end":{"line":145,"column":70},"skip":true},"48":{"start":{"line":149,"column":8},"end":{"line":149,"column":31},"skip":true},"49":{"start":{"line":150,"column":8},"end":{"line":150,"column":14},"skip":true},"50":{"start":{"line":158,"column":8},"end":{"line":158,"column":31},"skip":true},"51":{"start":{"line":160,"column":8},"end":{"line":160,"column":33},"skip":true},"52":{"start":{"line":161,"column":8},"end":{"line":161,"column":37},"skip":true},"53":{"start":{"line":162,"column":8},"end":{"line":162,"column":35},"skip":true},"54":{"start":{"line":164,"column":8},"end":{"line":164,"column":50},"skip":true},"55":{"start":{"line":166,"column":8},"end":{"line":256,"column":2},"skip":true},"56":{"start":{"line":258,"column":8},"end":{"line":286,"column":9},"skip":true},"57":{"start":{"line":259,"column":12},"end":{"line":269,"column":14},"skip":true},"58":{"start":{"line":271,"column":12},"end":{"line":285,"column":19},"skip":true},"59":{"start":{"line":274,"column":20},"end":{"line":274,"column":35},"skip":true},"60":{"start":{"line":275,"column":20},"end":{"line":284,"column":21},"skip":true},"61":{"start":{"line":277,"column":24},"end":{"line":277,"column":64},"skip":true},"62":{"start":{"line":279,"column":24},"end":{"line":279,"column":40},"skip":true},"63":{"start":{"line":281,"column":24},"end":{"line":281,"column":40},"skip":true},"64":{"start":{"line":283,"column":24},"end":{"line":283,"column":39},"skip":true},"65":{"start":{"line":288,"column":8},"end":{"line":290,"column":9},"skip":true},"66":{"start":{"line":289,"column":12},"end":{"line":289,"column":18},"skip":true},"67":{"start":{"line":291,"column":8},"end":{"line":293,"column":54},"skip":true},"68":{"start":{"line":296,"column":8},"end":{"line":301,"column":37},"skip":true},"69":{"start":{"line":303,"column":8},"end":{"line":303,"column":82},"skip":true},"70":{"start":{"line":306,"column":8},"end":{"line":308,"column":9},"skip":true},"71":{"start":{"line":307,"column":12},"end":{"line":307,"column":82},"skip":true},"72":{"start":{"line":310,"column":8},"end":{"line":312,"column":9},"skip":true},"73":{"start":{"line":311,"column":12},"end":{"line":311,"column":18},"skip":true},"74":{"start":{"line":313,"column":8},"end":{"line":313,"column":54},"skip":true},"75":{"start":{"line":314,"column":8},"end":{"line":314,"column":69},"skip":true},"76":{"start":{"line":315,"column":8},"end":{"line":323,"column":36},"skip":true},"77":{"start":{"line":316,"column":12},"end":{"line":316,"column":61},"skip":true},"78":{"start":{"line":317,"column":12},"end":{"line":320,"column":13},"skip":true},"79":{"start":{"line":318,"column":16},"end":{"line":318,"column":75},"skip":true},"80":{"start":{"line":319,"column":16},"end":{"line":319,"column":23},"skip":true},"81":{"start":{"line":321,"column":12},"end":{"line":321,"column":38},"skip":true},"82":{"start":{"line":322,"column":12},"end":{"line":322,"column":27},"skip":true},"83":{"start":{"line":324,"column":8},"end":{"line":324,"column":14},"skip":true}},"branchMap":{"1":{"line":39,"type":"binary-expr","locations":[{"start":{"line":39,"column":23},"end":{"line":39,"column":62}},{"start":{"line":40,"column":20},"end":{"line":40,"column":70}},{"start":{"line":41,"column":20},"end":{"line":41,"column":71}},{"start":{"line":42,"column":20},"end":{"line":42,"column":29}}]},"2":{"line":44,"type":"binary-expr","locations":[{"start":{"line":44,"column":23},"end":{"line":44,"column":37}},{"start":{"line":45,"column":20},"end":{"line":45,"column":61}},{"start":{"line":46,"column":20},"end":{"line":46,"column":70}},{"start":{"line":47,"column":20},"end":{"line":47,"column":26}}]},"3":{"line":51,"type":"cond-expr","locations":[{"start":{"line":52,"column":14},"end":{"line":52,"column":20}},{"start":{"line":53,"column":14},"end":{"line":53,"column":20}}]},"4":{"line":55,"type":"binary-expr","locations":[{"start":{"line":55,"column":16},"end":{"line":55,"column":44}},{"start":{"line":55,"column":49},"end":{"line":57,"column":43}}]},"5":{"line":55,"type":"cond-expr","locations":[{"start":{"line":56,"column":14},"end":{"line":56,"column":55}},{"start":{"line":57,"column":14},"end":{"line":57,"column":43}}]},"6":{"line":61,"type":"switch","locations":[{"start":{"line":68,"column":4},"end":{"line":150,"column":14},"skip":true},{"start":{"line":156,"column":4},"end":{"line":324,"column":14},"skip":true}]},"7":{"line":70,"type":"if","locations":[{"start":{"line":70,"column":12},"end":{"line":70,"column":12},"skip":true},{"start":{"line":70,"column":12},"end":{"line":70,"column":12},"skip":true}]},"8":{"line":70,"type":"binary-expr","locations":[{"start":{"line":70,"column":16},"end":{"line":70,"column":22},"skip":true},{"start":{"line":70,"column":27},"end":{"line":70,"column":32},"skip":true},{"start":{"line":71,"column":20},"end":{"line":71,"column":39},"skip":true},{"start":{"line":72,"column":20},"end":{"line":72,"column":49},"skip":true},{"start":{"line":73,"column":20},"end":{"line":73,"column":58},"skip":true},{"start":{"line":74,"column":20},"end":{"line":74,"column":69},"skip":true}]},"9":{"line":79,"type":"switch","locations":[{"start":{"line":80,"column":20},"end":{"line":80,"column":33},"skip":true},{"start":{"line":81,"column":20},"end":{"line":83,"column":30},"skip":true},{"start":{"line":84,"column":20},"end":{"line":85,"column":49},"skip":true}]},"10":{"line":89,"type":"switch","locations":[{"start":{"line":90,"column":12},"end":{"line":103,"column":22},"skip":true},{"start":{"line":105,"column":12},"end":{"line":106,"column":22},"skip":true}]},"11":{"line":89,"type":"binary-expr","locations":[{"start":{"line":89,"column":20},"end":{"line":89,"column":25},"skip":true},{"start":{"line":89,"column":29},"end":{"line":89,"column":48},"skip":true},{"start":{"line":89,"column":52},"end":{"line":89,"column":74},"skip":true}]},"12":{"line":92,"type":"if","locations":[{"start":{"line":92,"column":16},"end":{"line":92,"column":16},"skip":true},{"start":{"line":92,"column":16},"end":{"line":92,"column":16},"skip":true}]},"13":{"line":108,"type":"if","locations":[{"start":{"line":108,"column":12},"end":{"line":108,"column":12},"skip":true},{"start":{"line":108,"column":12},"end":{"line":108,"column":12},"skip":true}]},"14":{"line":108,"type":"binary-expr","locations":[{"start":{"line":108,"column":16},"end":{"line":108,"column":61},"skip":true},{"start":{"line":108,"column":66},"end":{"line":108,"column":72},"skip":true},{"start":{"line":108,"column":77},"end":{"line":108,"column":82},"skip":true},{"start":{"line":109,"column":20},"end":{"line":109,"column":39},"skip":true},{"start":{"line":110,"column":20},"end":{"line":110,"column":49},"skip":true},{"start":{"line":111,"column":20},"end":{"line":111,"column":58},"skip":true},{"start":{"line":112,"column":20},"end":{"line":112,"column":68},"skip":true}]},"15":{"line":129,"type":"if","locations":[{"start":{"line":129,"column":16},"end":{"line":129,"column":16},"skip":true},{"start":{"line":129,"column":16},"end":{"line":129,"column":16},"skip":true}]},"16":{"line":134,"type":"cond-expr","locations":[{"start":{"line":135,"column":26},"end":{"line":135,"column":29},"skip":true},{"start":{"line":136,"column":26},"end":{"line":136,"column":54},"skip":true}]},"17":{"line":164,"type":"binary-expr","locations":[{"start":{"line":164,"column":27},"end":{"line":164,"column":43},"skip":true},{"start":{"line":164,"column":47},"end":{"line":164,"column":49},"skip":true}]},"18":{"line":258,"type":"if","locations":[{"start":{"line":258,"column":8},"end":{"line":258,"column":8},"skip":true},{"start":{"line":258,"column":8},"end":{"line":258,"column":8},"skip":true}]},"19":{"line":275,"type":"switch","locations":[{"start":{"line":276,"column":20},"end":{"line":277,"column":64},"skip":true},{"start":{"line":278,"column":20},"end":{"line":279,"column":40},"skip":true},{"start":{"line":280,"column":20},"end":{"line":281,"column":40},"skip":true},{"start":{"line":282,"column":20},"end":{"line":283,"column":39},"skip":true}]},"20":{"line":288,"type":"if","locations":[{"start":{"line":288,"column":8},"end":{"line":288,"column":8},"skip":true},{"start":{"line":288,"column":8},"end":{"line":288,"column":8},"skip":true}]},"21":{"line":288,"type":"binary-expr","locations":[{"start":{"line":288,"column":12},"end":{"line":288,"column":40},"skip":true},{"start":{"line":288,"column":44},"end":{"line":288,"column":67},"skip":true}]},"22":{"line":292,"type":"binary-expr","locations":[{"start":{"line":292,"column":12},"end":{"line":292,"column":50},"skip":true},{"start":{"line":293,"column":12},"end":{"line":293,"column":53},"skip":true}]},"23":{"line":297,"type":"binary-expr","locations":[{"start":{"line":297,"column":12},"end":{"line":297,"column":69},"skip":true},{"start":{"line":298,"column":12},"end":{"line":301,"column":36},"skip":true}]},"24":{"line":303,"type":"binary-expr","locations":[{"start":{"line":303,"column":43},"end":{"line":303,"column":75},"skip":true},{"start":{"line":303,"column":79},"end":{"line":303,"column":81},"skip":true}]},"25":{"line":306,"type":"if","locations":[{"start":{"line":306,"column":8},"end":{"line":306,"column":8},"skip":true},{"start":{"line":306,"column":8},"end":{"line":306,"column":8},"skip":true}]},"26":{"line":310,"type":"if","locations":[{"start":{"line":310,"column":8},"end":{"line":310,"column":8},"skip":true},{"start":{"line":310,"column":8},"end":{"line":310,"column":8},"skip":true}]},"27":{"line":313,"type":"binary-expr","locations":[{"start":{"line":313,"column":27},"end":{"line":313,"column":43},"skip":true},{"start":{"line":313,"column":47},"end":{"line":313,"column":53},"skip":true}]},"28":{"line":317,"type":"if","locations":[{"start":{"line":317,"column":12},"end":{"line":317,"column":12},"skip":true},{"start":{"line":317,"column":12},"end":{"line":317,"column":12},"skip":true}]}},"code":["/*","example.js","","quickstart example","","instruction","    1. save this script as example.js","    2. run the shell command:","        $ npm install npmtest-spotify-web && PORT=8081 node example.js","    3. play with the browser-demo on http://127.0.0.1:8081","*/","","","","/* istanbul instrument in package npmtest_spotify_web */","/*jslint","    bitwise: true,","    browser: true,","    maxerr: 8,","    maxlen: 96,","    node: true,","    nomen: true,","    regexp: true,","    stupid: true","*/","(function () {","    'use strict';","    var local;","","","","    // run shared js-env code - pre-init","    (function () {","        // init local","        local = {};","        // init modeJs","        local.modeJs = (function () {","            try {","                return typeof navigator.userAgent === 'string' &&","                    typeof document.querySelector('body') === 'object' &&","                    typeof XMLHttpRequest.prototype.open === 'function' &&","                    'browser';","            } catch (errorCaughtBrowser) {","                return module.exports &&","                    typeof process.versions.node === 'string' &&","                    typeof require('http').createServer === 'function' &&","                    'node';","            }","        }());","        // init global","        local.global = local.modeJs === 'browser'","            ? window","            : global;","        // init utility2_rollup","        local = local.global.utility2_rollup || (local.modeJs === 'browser'","            ? local.global.utility2_npmtest_spotify_web","            : global.utility2_moduleExports);","        // export local","        local.global.local = local;","    }());","    switch (local.modeJs) {","","","","    // post-init","    // run browser js-env code - post-init","    /* istanbul ignore next */","    case 'browser':","        local.testRunBrowser = function (event) {","            if (!event || (event &&","                    event.currentTarget &&","                    event.currentTarget.className &&","                    event.currentTarget.className.includes &&","                    event.currentTarget.className.includes('onreset'))) {","                // reset output","                Array.from(","                    document.querySelectorAll('body > .resettable')","                ).forEach(function (element) {","                    switch (element.tagName) {","                    case 'INPUT':","                    case 'TEXTAREA':","                        element.value = '';","                        break;","                    default:","                        element.textContent = '';","                    }","                });","            }","            switch (event && event.currentTarget && event.currentTarget.id) {","            case 'testRunButton1':","                // show tests","                if (document.querySelector('#testReportDiv1').style.display === 'none') {","                    document.querySelector('#testReportDiv1').style.display = 'block';","                    document.querySelector('#testRunButton1').textContent =","                        'hide internal test';","                    local.modeTest = true;","                    local.testRunDefault(local);","                // hide tests","                } else {","                    document.querySelector('#testReportDiv1').style.display = 'none';","                    document.querySelector('#testRunButton1').textContent = 'run internal test';","                }","                break;","            // custom-case","            default:","                break;","            }","            if (document.querySelector('#inputTextareaEval1') && (!event || (event &&","                    event.currentTarget &&","                    event.currentTarget.className &&","                    event.currentTarget.className.includes &&","                    event.currentTarget.className.includes('oneval')))) {","                // try to eval input-code","                try {","                    /*jslint evil: true*/","                    eval(document.querySelector('#inputTextareaEval1').value);","                } catch (errorCaught) {","                    console.error(errorCaught);","                }","            }","        };","        // log stderr and stdout to #outputTextareaStdout1","        ['error', 'log'].forEach(function (key) {","            console[key + '_original'] = console[key];","            console[key] = function () {","                var element;","                console[key + '_original'].apply(console, arguments);","                element = document.querySelector('#outputTextareaStdout1');","                if (!element) {","                    return;","                }","                // append text to #outputTextareaStdout1","                element.value += Array.from(arguments).map(function (arg) {","                    return typeof arg === 'string'","                        ? arg","                        : JSON.stringify(arg, null, 4);","                }).join(' ') + '\\n';","                // scroll textarea to bottom","                element.scrollTop = element.scrollHeight;","            };","        });","        // init event-handling","        ['change', 'click', 'keyup'].forEach(function (event) {","            Array.from(document.querySelectorAll('.on' + event)).forEach(function (element) {","                element.addEventListener(event, local.testRunBrowser);","            });","        });","        // run tests","        local.testRunBrowser();","        break;","","","","    // run node js-env code - post-init","    /* istanbul ignore next */","    case 'node':","        // export local","        module.exports = local;","        // require modules","        local.fs = require('fs');","        local.http = require('http');","        local.url = require('url');","        // init assets","        local.assetsDict = local.assetsDict || {};","        /* jslint-ignore-begin */","        local.assetsDict['/assets.index.template.html'] = '\\","<!doctype html>\\n\\","<html lang=\"en\">\\n\\","<head>\\n\\","<meta charset=\"UTF-8\">\\n\\","<meta name=\"viewport\" content=\"width=device-width, initial-scale=1\">\\n\\","<title>{{env.npm_package_name}} (v{{env.npm_package_version}})</title>\\n\\","<style>\\n\\","/*csslint\\n\\","    box-sizing: false,\\n\\","    universal-selector: false\\n\\","*/\\n\\","* {\\n\\","    box-sizing: border-box;\\n\\","}\\n\\","body {\\n\\","    background: #dde;\\n\\","    font-family: Arial, Helvetica, sans-serif;\\n\\","    margin: 2rem;\\n\\","}\\n\\","body > * {\\n\\","    margin-bottom: 1rem;\\n\\","}\\n\\",".utility2FooterDiv {\\n\\","    margin-top: 20px;\\n\\","    text-align: center;\\n\\","}\\n\\","</style>\\n\\","<style>\\n\\","/*csslint\\n\\","*/\\n\\","textarea {\\n\\","    font-family: monospace;\\n\\","    height: 10rem;\\n\\","    width: 100%;\\n\\","}\\n\\","textarea[readonly] {\\n\\","    background: #ddd;\\n\\","}\\n\\","</style>\\n\\","</head>\\n\\","<body>\\n\\","<!-- utility2-comment\\n\\","<div id=\"ajaxProgressDiv1\" style=\"background: #d00; height: 2px; left: 0; margin: 0; padding: 0; position: fixed; top: 0; transition: background 0.5s, width 1.5s; width: 25%;\"></div>\\n\\","utility2-comment -->\\n\\","<h1>\\n\\","<!-- utility2-comment\\n\\","    <a\\n\\","        {{#if env.npm_package_homepage}}\\n\\","        href=\"{{env.npm_package_homepage}}\"\\n\\","        {{/if env.npm_package_homepage}}\\n\\","        target=\"_blank\"\\n\\","    >\\n\\","utility2-comment -->\\n\\","        {{env.npm_package_name}} (v{{env.npm_package_version}})\\n\\","<!-- utility2-comment\\n\\","    </a>\\n\\","utility2-comment -->\\n\\","</h1>\\n\\","<h3>{{env.npm_package_description}}</h3>\\n\\","<!-- utility2-comment\\n\\","<h4><a download href=\"assets.app.js\">download standalone app</a></h4>\\n\\","<button class=\"onclick onreset\" id=\"testRunButton1\">run internal test</button><br>\\n\\","<div id=\"testReportDiv1\" style=\"display: none;\"></div>\\n\\","utility2-comment -->\\n\\","\\n\\","\\n\\","\\n\\","<label>stderr and stdout</label>\\n\\","<textarea class=\"resettable\" id=\"outputTextareaStdout1\" readonly></textarea>\\n\\","<!-- utility2-comment\\n\\","{{#if isRollup}}\\n\\","<script src=\"assets.app.js\"></script>\\n\\","{{#unless isRollup}}\\n\\","utility2-comment -->\\n\\","<script src=\"assets.utility2.rollup.js\"></script>\\n\\","<script src=\"jsonp.utility2._stateInit?callback=window.utility2._stateInit\"></script>\\n\\","<script src=\"assets.npmtest_spotify_web.rollup.js\"></script>\\n\\","<script src=\"assets.example.js\"></script>\\n\\","<script src=\"assets.test.js\"></script>\\n\\","<!-- utility2-comment\\n\\","{{/if isRollup}}\\n\\","utility2-comment -->\\n\\","<div class=\"utility2FooterDiv\">\\n\\","    [ this app was created with\\n\\","    <a href=\"https://github.com/kaizhu256/node-utility2\" target=\"_blank\">utility2</a>\\n\\","    ]\\n\\","</div>\\n\\","</body>\\n\\","</html>\\n\\","';","        /* jslint-ignore-end */","        if (local.templateRender) {","            local.assetsDict['/'] = local.templateRender(","                local.assetsDict['/assets.index.template.html'],","                {","                    env: local.objectSetDefault(local.env, {","                        npm_package_description: 'the greatest app in the world!',","                        npm_package_name: 'my-app',","                        npm_package_nameAlias: 'my_app',","                        npm_package_version: '0.0.1'","                    })","                }","            );","        } else {","            local.assetsDict['/'] = local.assetsDict['/assets.index.template.html']","                .replace((/\\{\\{env\\.(\\w+?)\\}\\}/g), function (match0, match1) {","                    // jslint-hack","                    String(match0);","                    switch (match1) {","                    case 'npm_package_description':","                        return 'the greatest app in the world!';","                    case 'npm_package_name':","                        return 'my-app';","                    case 'npm_package_nameAlias':","                        return 'my_app';","                    case 'npm_package_version':","                        return '0.0.1';","                    }","                });","        }","        // run the cli","        if (local.global.utility2_rollup || module !== require.main) {","            break;","        }","        local.assetsDict['/assets.example.js'] =","            local.assetsDict['/assets.example.js'] ||","            local.fs.readFileSync(__filename, 'utf8');","        // bug-workaround - long $npm_package_buildCustomOrg","        /* jslint-ignore-begin */","        local.assetsDict['/assets.npmtest_spotify_web.rollup.js'] =","            local.assetsDict['/assets.npmtest_spotify_web.rollup.js'] ||","            local.fs.readFileSync(","                local.npmtest_spotify_web.__dirname + '/lib.npmtest_spotify_web.js',","                'utf8'","            ).replace((/^#!/), '//');","        /* jslint-ignore-end */","        local.assetsDict['/favicon.ico'] = local.assetsDict['/favicon.ico'] || '';","        // if $npm_config_timeout_exit exists,","        // then exit this process after $npm_config_timeout_exit ms","        if (Number(process.env.npm_config_timeout_exit)) {","            setTimeout(process.exit, Number(process.env.npm_config_timeout_exit));","        }","        // start server","        if (local.global.utility2_serverHttp1) {","            break;","        }","        process.env.PORT = process.env.PORT || '8081';","        console.error('server starting on port ' + process.env.PORT);","        local.http.createServer(function (request, response) {","            request.urlParsed = local.url.parse(request.url);","            if (local.assetsDict[request.urlParsed.pathname] !== undefined) {","                response.end(local.assetsDict[request.urlParsed.pathname]);","                return;","            }","            response.statusCode = 404;","            response.end();","        }).listen(process.env.PORT);","        break;","    }","}());",""],"l":{"26":2,"28":2,"33":2,"35":2,"37":2,"38":2,"39":2,"44":1,"51":2,"55":2,"59":2,"61":2,"69":1,"70":2,"76":2,"79":2,"82":2,"83":2,"85":1,"89":2,"92":1,"93":1,"94":1,"96":1,"97":1,"100":1,"101":1,"103":1,"106":1,"108":2,"114":1,"116":1,"118":1,"123":1,"124":2,"125":2,"126":3,"127":3,"128":3,"129":3,"130":1,"133":3,"134":3,"139":3,"143":1,"144":3,"145":1,"149":1,"150":1,"158":1,"160":1,"161":1,"162":1,"164":1,"166":1,"258":1,"259":1,"271":1,"274":6,"275":6,"277":1,"279":2,"281":1,"283":2,"288":1,"289":1,"291":1,"296":1,"303":1,"306":1,"307":1,"310":1,"311":1,"313":1,"314":1,"315":1,"316":1,"317":1,"318":1,"319":1,"321":1,"322":1,"324":1}},"/home/travis/build/npmtest/node-npmtest-spotify-web/node_modules/spotify-web/index.js":{"path":"/home/travis/build/npmtest/node-npmtest-spotify-web/node_modules/spotify-web/index.js","s":{"1":1},"b":{},"f":{},"fnMap":{},"statementMap":{"1":{"start":{"line":1,"column":0},"end":{"line":1,"column":42}}},"branchMap":{},"code":["module.exports = require('./lib/spotify');",""],"l":{"1":1}},"/home/travis/build/npmtest/node-npmtest-spotify-web/node_modules/spotify-web/lib/spotify.js":{"path":"/home/travis/build/npmtest/node-npmtest-spotify-web/node_modules/spotify-web/lib/spotify.js","s":{"1":1,"2":1,"3":1,"4":1,"5":1,"6":1,"7":1,"8":1,"9":1,"10":1,"11":1,"12":1,"13":1,"14":1,"15":1,"16":1,"17":1,"18":1,"19":1,"20":1,"21":1,"22":1,"23":1,"24":1,"25":1,"26":5,"27":1,"28":0,"29":0,"30":0,"31":0,"32":0,"33":0,"34":0,"35":0,"36":1,"37":0,"38":0,"39":0,"40":0,"41":0,"42":0,"43":0,"44":0,"45":0,"46":0,"47":0,"48":0,"49":0,"50":0,"51":0,"52":0,"53":0,"54":0,"55":0,"56":0,"57":0,"58":0,"59":0,"60":0,"61":0,"62":0,"63":1,"64":1,"65":0,"66":0,"67":0,"68":0,"69":1,"70":0,"71":0,"72":0,"73":0,"74":1,"75":0,"76":0,"77":0,"78":0,"79":1,"80":0,"81":1,"82":0,"83":0,"84":1,"85":0,"86":0,"87":1,"88":0,"89":0,"90":0,"91":0,"92":0,"93":1,"94":0,"95":0,"96":0,"97":1,"98":0,"99":0,"100":0,"101":0,"102":0,"103":0,"104":1,"105":0,"106":0,"107":0,"108":0,"109":0,"110":0,"111":0,"112":0,"113":0,"114":0,"115":0,"116":0,"117":0,"118":0,"119":0,"120":0,"121":0,"122":0,"123":1,"124":0,"125":0,"126":0,"127":0,"128":0,"129":0,"130":0,"131":0,"132":0,"133":0,"134":1,"135":0,"136":0,"137":0,"138":0,"139":0,"140":0,"141":0,"142":0,"143":1,"144":0,"145":0,"146":0,"147":0,"148":0,"149":0,"150":0,"151":0,"152":0,"153":0,"154":1,"155":0,"156":0,"157":0,"158":0,"159":1,"160":0,"161":0,"162":0,"163":0,"164":1,"165":0,"166":0,"167":0,"168":0,"169":0,"170":0,"171":0,"172":0,"173":1,"174":0,"175":0,"176":0,"177":0,"178":0,"179":0,"180":0,"181":0,"182":0,"183":0,"184":0,"185":0,"186":0,"187":0,"188":0,"189":0,"190":0,"191":1,"192":0,"193":0,"194":0,"195":0,"196":0,"197":0,"198":0,"199":0,"200":0,"201":0,"202":0,"203":0,"204":0,"205":1,"206":0,"207":0,"208":0,"209":1,"210":0,"211":0,"212":0,"213":0,"214":0,"215":0,"216":1,"217":0,"218":0,"219":0,"220":0,"221":0,"222":0,"223":0,"224":0,"225":0,"226":0,"227":0,"228":0,"229":0,"230":1,"231":0,"232":0,"233":0,"234":0,"235":0,"236":0,"237":0,"238":0,"239":0,"240":0,"241":0,"242":0,"243":0,"244":0,"245":0,"246":0,"247":0,"248":0,"249":0,"250":0,"251":0,"252":0,"253":0,"254":0,"255":0,"256":0,"257":0,"258":0,"259":0,"260":0,"261":0,"262":0,"263":0,"264":0,"265":0,"266":0,"267":0,"268":0,"269":0,"270":1,"271":0,"272":0,"273":0,"274":0,"275":0,"276":0,"277":0,"278":0,"279":0,"280":0,"281":0,"282":0,"283":0,"284":0,"285":0,"286":0,"287":0,"288":0,"289":0,"290":0,"291":0,"292":0,"293":0,"294":0,"295":0,"296":0,"297":0,"298":0,"299":0,"300":0,"301":0,"302":0,"303":0,"304":0,"305":1,"306":0,"307":0,"308":0,"309":0,"310":1,"311":0,"312":0,"313":0,"314":0,"315":0,"316":0,"317":0,"318":1,"319":0,"320":0,"321":0,"322":0,"323":0,"324":0,"325":0,"326":0,"327":0,"328":0,"329":0,"330":0,"331":0,"332":0,"333":0,"334":0,"335":0,"336":0,"337":0,"338":0,"339":0,"340":0,"341":0,"342":0,"343":1,"344":0,"345":0,"346":0,"347":0,"348":0,"349":0,"350":0,"351":0,"352":0,"353":0,"354":0,"355":0,"356":0,"357":0,"358":0,"359":0,"360":0,"361":1,"362":0,"363":0,"364":0,"365":0,"366":0,"367":0,"368":0,"369":0,"370":0,"371":0,"372":0,"373":0,"374":0,"375":0,"376":1,"377":0,"378":0,"379":0,"380":0,"381":0,"382":0,"383":0,"384":0,"385":0,"386":0,"387":0,"388":0,"389":0,"390":0,"391":0,"392":0,"393":0,"394":0,"395":0,"396":1,"397":0,"398":0,"399":0,"400":0,"401":0,"402":0,"403":0,"404":1,"405":0,"406":0,"407":0,"408":0,"409":0,"410":0,"411":0,"412":0,"413":0,"414":0,"415":1,"416":0,"417":0,"418":0,"419":0,"420":0,"421":0,"422":0,"423":0,"424":0,"425":0,"426":0,"427":0,"428":0,"429":0,"430":0,"431":0,"432":0,"433":0,"434":0,"435":0,"436":0,"437":0,"438":0,"439":0,"440":0,"441":0,"442":0,"443":0,"444":0,"445":0,"446":0,"447":1,"448":0,"449":1,"450":0,"451":0,"452":0,"453":0,"454":0,"455":0,"456":0,"457":0,"458":0,"459":0,"460":0,"461":0,"462":0,"463":1,"464":0,"465":0,"466":0,"467":0,"468":0,"469":0,"470":0,"471":0,"472":0,"473":0,"474":0,"475":0,"476":0,"477":0,"478":0,"479":0,"480":0,"481":0,"482":0,"483":0,"484":0,"485":0,"486":0,"487":0,"488":0,"489":0,"490":0,"491":0,"492":1,"493":0,"494":0,"495":0,"496":0,"497":0,"498":0,"499":0,"500":0,"501":0,"502":0,"503":0,"504":0,"505":0,"506":0,"507":0,"508":0,"509":0,"510":0,"511":0,"512":0,"513":0,"514":0,"515":0,"516":0,"517":0,"518":0,"519":1,"520":0,"521":0,"522":0,"523":0,"524":0,"525":0,"526":0,"527":1,"528":0,"529":0,"530":0,"531":0,"532":0,"533":0,"534":0,"535":0,"536":0,"537":0,"538":0,"539":0,"540":0,"541":0,"542":0,"543":1,"544":0,"545":0,"546":0,"547":0,"548":0,"549":1,"550":0,"551":0,"552":0,"553":0,"554":0,"555":0,"556":1,"557":0,"558":0,"559":0,"560":1,"561":0,"562":1,"563":0,"564":0,"565":0,"566":1,"567":0,"568":0,"569":1,"570":0,"571":0,"572":0,"573":1,"574":0,"575":0,"576":0,"577":0,"578":0,"579":0,"580":0,"581":0,"582":0,"583":0,"584":0,"585":1,"586":0,"587":0,"588":0,"589":0},"b":{"1":[0,0],"2":[0,0],"3":[0,0],"4":[0,0],"5":[0,0],"6":[0,0],"7":[0,0],"8":[0,0],"9":[0,0],"10":[0,0],"11":[0,0],"12":[0,0],"13":[0,0],"14":[0,0],"15":[0,0],"16":[0,0],"17":[0,0],"18":[0,0],"19":[0,0],"20":[0,0],"21":[0,0],"22":[0,0],"23":[0,0],"24":[0,0],"25":[0,0],"26":[0,0],"27":[0,0],"28":[0,0],"29":[0,0],"30":[0,0],"31":[0,0],"32":[0,0],"33":[0,0],"34":[0,0],"35":[0,0],"36":[0,0],"37":[0,0],"38":[0,0,0,0],"39":[0,0],"40":[0,0],"41":[0,0],"42":[0,0],"43":[0,0],"44":[0,0,0],"45":[0,0],"46":[0,0],"47":[0,0],"48":[0,0],"49":[0,0],"50":[0,0],"51":[0,0],"52":[0,0],"53":[0,0],"54":[0,0,0],"55":[0,0],"56":[0,0],"57":[0,0,0],"58":[0,0],"59":[0,0],"60":[0,0],"61":[0,0],"62":[0,0],"63":[0,0],"64":[0,0],"65":[0,0],"66":[0,0],"67":[0,0],"68":[0,0],"69":[0,0],"70":[0,0],"71":[0,0],"72":[0,0],"73":[0,0],"74":[0,0],"75":[0,0],"76":[0,0],"77":[0,0],"78":[0,0],"79":[0,0],"80":[0,0,0],"81":[0,0],"82":[0,0],"83":[0,0],"84":[0,0],"85":[0,0],"86":[0,0],"87":[0,0],"88":[0,0],"89":[0,0],"90":[0,0],"91":[0,0],"92":[0,0,0],"93":[0,0],"94":[0,0],"95":[0,0],"96":[0,0],"97":[0,0],"98":[0,0],"99":[0,0],"100":[0,0],"101":[0,0],"102":[0,0],"103":[0,0],"104":[0,0],"105":[0,0],"106":[0,0],"107":[0,0],"108":[0,0],"109":[0,0],"110":[0,0],"111":[0,0],"112":[0,0],"113":[0,0],"114":[0,0],"115":[0,0],"116":[0,0],"117":[0,0],"118":[0,0],"119":[0,0],"120":[0,0],"121":[0,0]},"f":{"1":5,"2":0,"3":0,"4":0,"5":0,"6":0,"7":0,"8":0,"9":0,"10":0,"11":0,"12":0,"13":0,"14":0,"15":0,"16":0,"17":0,"18":0,"19":0,"20":0,"21":0,"22":0,"23":0,"24":0,"25":0,"26":0,"27":0,"28":0,"29":0,"30":0,"31":0,"32":0,"33":0,"34":0,"35":0,"36":0,"37":0,"38":0,"39":0,"40":0,"41":0,"42":0,"43":0,"44":0,"45":0,"46":0,"47":0,"48":0,"49":0,"50":0,"51":0,"52":0,"53":0,"54":0,"55":0,"56":0,"57":0,"58":0,"59":0,"60":0,"61":0,"62":0,"63":0,"64":0,"65":0,"66":0,"67":0,"68":0,"69":0,"70":0,"71":0,"72":0,"73":0},"fnMap":{"1":{"name":"(anonymous_1)","line":47,"loc":{"start":{"line":47,"column":26},"end":{"line":47,"column":41}}},"2":{"name":"(anonymous_2)","line":60,"loc":{"start":{"line":60,"column":16},"end":{"line":60,"column":38}}},"3":{"name":"(anonymous_3)","line":61,"loc":{"start":{"line":61,"column":16},"end":{"line":61,"column":28}}},"4":{"name":"(anonymous_4)","line":63,"loc":{"start":{"line":63,"column":24},"end":{"line":63,"column":39}}},"5":{"name":"Spotify","line":76,"loc":{"start":{"line":76,"column":0},"end":{"line":76,"column":20}}},"6":{"name":"(anonymous_6)","line":138,"loc":{"start":{"line":138,"column":26},"end":{"line":138,"column":48}}},"7":{"name":"(anonymous_7)","line":156,"loc":{"start":{"line":156,"column":35},"end":{"line":156,"column":49}}},"8":{"name":"(anonymous_8)","line":176,"loc":{"start":{"line":176,"column":34},"end":{"line":176,"column":62}}},"9":{"name":"(anonymous_9)","line":193,"loc":{"start":{"line":193,"column":39},"end":{"line":193,"column":52}}},"10":{"name":"onLogin","line":195,"loc":{"start":{"line":195,"column":2},"end":{"line":195,"column":22}}},"11":{"name":"onError","line":199,"loc":{"start":{"line":199,"column":2},"end":{"line":199,"column":25}}},"12":{"name":"cleanup","line":203,"loc":{"start":{"line":203,"column":2},"end":{"line":203,"column":22}}},"13":{"name":"(anonymous_13)","line":219,"loc":{"start":{"line":219,"column":44},"end":{"line":219,"column":55}}},"14":{"name":"(anonymous_14)","line":234,"loc":{"start":{"line":234,"column":30},"end":{"line":234,"column":50}}},"15":{"name":"login","line":245,"loc":{"start":{"line":245,"column":2},"end":{"line":245,"column":29}}},"16":{"name":"(anonymous_16)","line":248,"loc":{"start":{"line":248,"column":19},"end":{"line":248,"column":31}}},"17":{"name":"(anonymous_17)","line":253,"loc":{"start":{"line":253,"column":100},"end":{"line":253,"column":111}}},"18":{"name":"(anonymous_18)","line":283,"loc":{"start":{"line":283,"column":28},"end":{"line":283,"column":48}}},"19":{"name":"(anonymous_19)","line":305,"loc":{"start":{"line":305,"column":31},"end":{"line":305,"column":43}}},"20":{"name":"(anonymous_20)","line":328,"loc":{"start":{"line":328,"column":35},"end":{"line":328,"column":55}}},"21":{"name":"(anonymous_21)","line":348,"loc":{"start":{"line":348,"column":28},"end":{"line":348,"column":40}}},"22":{"name":"(anonymous_22)","line":363,"loc":{"start":{"line":363,"column":29},"end":{"line":363,"column":41}}},"23":{"name":"(anonymous_23)","line":378,"loc":{"start":{"line":378,"column":31},"end":{"line":378,"column":47}}},"24":{"name":"fn","line":391,"loc":{"start":{"line":391,"column":2},"end":{"line":391,"column":25}}},"25":{"name":"(anonymous_25)","line":427,"loc":{"start":{"line":427,"column":38},"end":{"line":427,"column":63}}},"26":{"name":"(anonymous_26)","line":454,"loc":{"start":{"line":454,"column":32},"end":{"line":454,"column":52}}},"27":{"name":"(anonymous_27)","line":476,"loc":{"start":{"line":476,"column":29},"end":{"line":476,"column":44}}},"28":{"name":"(anonymous_28)","line":481,"loc":{"start":{"line":481,"column":7},"end":{"line":481,"column":27}}},"29":{"name":"(anonymous_29)","line":501,"loc":{"start":{"line":501,"column":32},"end":{"line":501,"column":58}}},"30":{"name":"(anonymous_30)","line":535,"loc":{"start":{"line":535,"column":40},"end":{"line":535,"column":58}}},"31":{"name":"(anonymous_31)","line":554,"loc":{"start":{"line":554,"column":19},"end":{"line":554,"column":49}}},"32":{"name":"(anonymous_32)","line":562,"loc":{"start":{"line":562,"column":19},"end":{"line":562,"column":33}}},"33":{"name":"(anonymous_33)","line":573,"loc":{"start":{"line":573,"column":18},"end":{"line":573,"column":52}}},"34":{"name":"(anonymous_34)","line":579,"loc":{"start":{"line":579,"column":29},"end":{"line":579,"column":45}}},"35":{"name":"getNumber","line":598,"loc":{"start":{"line":598,"column":2},"end":{"line":598,"column":30}}},"36":{"name":"(anonymous_36)","line":629,"loc":{"start":{"line":629,"column":38},"end":{"line":629,"column":58}}},"37":{"name":"(anonymous_37)","line":665,"loc":{"start":{"line":665,"column":28},"end":{"line":665,"column":42}}},"38":{"name":"(anonymous_38)","line":679,"loc":{"start":{"line":679,"column":31},"end":{"line":679,"column":43}}},"39":{"name":"(anonymous_39)","line":699,"loc":{"start":{"line":699,"column":29},"end":{"line":699,"column":49}}},"40":{"name":"(anonymous_40)","line":707,"loc":{"start":{"line":707,"column":15},"end":{"line":707,"column":30}}},"41":{"name":"(anonymous_41)","line":742,"loc":{"start":{"line":742,"column":5},"end":{"line":742,"column":25}}},"42":{"name":"(anonymous_42)","line":759,"loc":{"start":{"line":759,"column":29},"end":{"line":759,"column":62}}},"43":{"name":"(anonymous_43)","line":797,"loc":{"start":{"line":797,"column":28},"end":{"line":797,"column":62}}},"44":{"name":"(anonymous_44)","line":833,"loc":{"start":{"line":833,"column":29},"end":{"line":833,"column":63}}},"45":{"name":"(anonymous_45)","line":871,"loc":{"start":{"line":871,"column":28},"end":{"line":871,"column":46}}},"46":{"name":"(anonymous_46)","line":904,"loc":{"start":{"line":904,"column":29},"end":{"line":904,"column":50}}},"47":{"name":"(anonymous_47)","line":907,"loc":{"start":{"line":907,"column":48},"end":{"line":907,"column":70}}},"48":{"name":"(anonymous_48)","line":911,"loc":{"start":{"line":911,"column":43},"end":{"line":911,"column":63}}},"49":{"name":"(anonymous_49)","line":929,"loc":{"start":{"line":929,"column":37},"end":{"line":929,"column":63}}},"50":{"name":"(anonymous_50)","line":991,"loc":{"start":{"line":991,"column":40},"end":{"line":991,"column":70}}},"51":{"name":"done","line":993,"loc":{"start":{"line":993,"column":2},"end":{"line":993,"column":19}}},"52":{"name":"(anonymous_52)","line":994,"loc":{"start":{"line":994,"column":21},"end":{"line":994,"column":33}}},"53":{"name":"(anonymous_53)","line":1011,"loc":{"start":{"line":1011,"column":19},"end":{"line":1011,"column":31}}},"54":{"name":"(anonymous_54)","line":1025,"loc":{"start":{"line":1025,"column":27},"end":{"line":1025,"column":47}}},"55":{"name":"(anonymous_55)","line":1053,"loc":{"start":{"line":1053,"column":22},"end":{"line":1053,"column":35}}},"56":{"name":"(anonymous_56)","line":1066,"loc":{"start":{"line":1066,"column":38},"end":{"line":1066,"column":58}}},"57":{"name":"(anonymous_57)","line":1085,"loc":{"start":{"line":1085,"column":33},"end":{"line":1085,"column":61}}},"58":{"name":"(anonymous_58)","line":1126,"loc":{"start":{"line":1126,"column":41},"end":{"line":1126,"column":61}}},"59":{"name":"(anonymous_59)","line":1148,"loc":{"start":{"line":1148,"column":35},"end":{"line":1148,"column":65}}},"60":{"name":"(anonymous_60)","line":1152,"loc":{"start":{"line":1152,"column":43},"end":{"line":1152,"column":63}}},"61":{"name":"(anonymous_61)","line":1168,"loc":{"start":{"line":1168,"column":38},"end":{"line":1168,"column":61}}},"62":{"name":"(anonymous_62)","line":1191,"loc":{"start":{"line":1191,"column":46},"end":{"line":1191,"column":66}}},"63":{"name":"(anonymous_63)","line":1205,"loc":{"start":{"line":1205,"column":31},"end":{"line":1205,"column":51}}},"64":{"name":"(anonymous_64)","line":1223,"loc":{"start":{"line":1223,"column":32},"end":{"line":1223,"column":52}}},"65":{"name":"(anonymous_65)","line":1238,"loc":{"start":{"line":1238,"column":36},"end":{"line":1238,"column":48}}},"66":{"name":"(anonymous_66)","line":1250,"loc":{"start":{"line":1250,"column":33},"end":{"line":1250,"column":45}}},"67":{"name":"(anonymous_67)","line":1260,"loc":{"start":{"line":1260,"column":27},"end":{"line":1260,"column":39}}},"68":{"name":"(anonymous_68)","line":1274,"loc":{"start":{"line":1274,"column":37},"end":{"line":1274,"column":52}}},"69":{"name":"(anonymous_69)","line":1287,"loc":{"start":{"line":1287,"column":27},"end":{"line":1287,"column":51}}},"70":{"name":"tag","line":1300,"loc":{"start":{"line":1300,"column":0},"end":{"line":1300,"column":26}}},"71":{"name":"(anonymous_71)","line":1302,"loc":{"start":{"line":1302,"column":27},"end":{"line":1302,"column":40}}},"72":{"name":"(anonymous_72)","line":1307,"loc":{"start":{"line":1307,"column":20},"end":{"line":1307,"column":33}}},"73":{"name":"has","line":1330,"loc":{"start":{"line":1330,"column":0},"end":{"line":1330,"column":26}}}},"statementMap":{"1":{"start":{"line":5,"column":0},"end":{"line":5,"column":23}},"2":{"start":{"line":6,"column":0},"end":{"line":6,"column":29}},"3":{"start":{"line":7,"column":0},"end":{"line":7,"column":27}},"4":{"start":{"line":8,"column":0},"end":{"line":8,"column":30}},"5":{"start":{"line":9,"column":0},"end":{"line":9,"column":33}},"6":{"start":{"line":10,"column":0},"end":{"line":10,"column":35}},"7":{"start":{"line":11,"column":0},"end":{"line":11,"column":39}},"8":{"start":{"line":12,"column":0},"end":{"line":12,"column":40}},"9":{"start":{"line":13,"column":0},"end":{"line":13,"column":38}},"10":{"start":{"line":14,"column":0},"end":{"line":14,"column":50}},"11":{"start":{"line":15,"column":0},"end":{"line":15,"column":44}},"12":{"start":{"line":16,"column":0},"end":{"line":16,"column":37}},"13":{"start":{"line":22,"column":0},"end":{"line":22,"column":25}},"14":{"start":{"line":28,"column":0},"end":{"line":28,"column":79}},"15":{"start":{"line":29,"column":0},"end":{"line":29,"column":75}},"16":{"start":{"line":30,"column":0},"end":{"line":30,"column":63}},"17":{"start":{"line":32,"column":0},"end":{"line":32,"column":33}},"18":{"start":{"line":33,"column":0},"end":{"line":33,"column":31}},"19":{"start":{"line":34,"column":0},"end":{"line":34,"column":31}},"20":{"start":{"line":35,"column":0},"end":{"line":35,"column":31}},"21":{"start":{"line":36,"column":0},"end":{"line":36,"column":25}},"22":{"start":{"line":38,"column":0},"end":{"line":38,"column":75}},"23":{"start":{"line":40,"column":0},"end":{"line":40,"column":61}},"24":{"start":{"line":41,"column":0},"end":{"line":41,"column":55}},"25":{"start":{"line":47,"column":0},"end":{"line":49,"column":3}},"26":{"start":{"line":48,"column":2},"end":{"line":48,"column":27}},"27":{"start":{"line":60,"column":0},"end":{"line":68,"column":2}},"28":{"start":{"line":61,"column":2},"end":{"line":61,"column":31}},"29":{"start":{"line":61,"column":11},"end":{"line":61,"column":31}},"30":{"start":{"line":62,"column":2},"end":{"line":62,"column":30}},"31":{"start":{"line":63,"column":2},"end":{"line":66,"column":5}},"32":{"start":{"line":64,"column":4},"end":{"line":64,"column":28}},"33":{"start":{"line":64,"column":13},"end":{"line":64,"column":28}},"34":{"start":{"line":65,"column":4},"end":{"line":65,"column":36}},"35":{"start":{"line":67,"column":2},"end":{"line":67,"column":17}},"36":{"start":{"line":76,"column":0},"end":{"line":125,"column":1}},"37":{"start":{"line":77,"column":2},"end":{"line":77,"column":55}},"38":{"start":{"line":77,"column":34},"end":{"line":77,"column":55}},"39":{"start":{"line":78,"column":2},"end":{"line":78,"column":26}},"40":{"start":{"line":80,"column":2},"end":{"line":80,"column":15}},"41":{"start":{"line":81,"column":2},"end":{"line":81,"column":32}},"42":{"start":{"line":82,"column":2},"end":{"line":82,"column":34}},"43":{"start":{"line":83,"column":2},"end":{"line":83,"column":25}},"44":{"start":{"line":84,"column":2},"end":{"line":84,"column":40}},"45":{"start":{"line":86,"column":2},"end":{"line":86,"column":39}},"46":{"start":{"line":87,"column":2},"end":{"line":87,"column":38}},"47":{"start":{"line":88,"column":2},"end":{"line":88,"column":24}},"48":{"start":{"line":89,"column":2},"end":{"line":89,"column":90}},"49":{"start":{"line":93,"column":2},"end":{"line":93,"column":58}},"50":{"start":{"line":94,"column":2},"end":{"line":100,"column":4}},"51":{"start":{"line":103,"column":2},"end":{"line":103,"column":51}},"52":{"start":{"line":104,"column":2},"end":{"line":104,"column":47}},"53":{"start":{"line":105,"column":2},"end":{"line":105,"column":48}},"54":{"start":{"line":106,"column":2},"end":{"line":106,"column":50}},"55":{"start":{"line":109,"column":2},"end":{"line":109,"column":41}},"56":{"start":{"line":110,"column":2},"end":{"line":110,"column":43}},"57":{"start":{"line":111,"column":2},"end":{"line":111,"column":47}},"58":{"start":{"line":114,"column":2},"end":{"line":114,"column":45}},"59":{"start":{"line":117,"column":2},"end":{"line":117,"column":45}},"60":{"start":{"line":120,"column":2},"end":{"line":120,"column":37}},"61":{"start":{"line":121,"column":2},"end":{"line":121,"column":47}},"62":{"start":{"line":124,"column":2},"end":{"line":124,"column":59}},"63":{"start":{"line":126,"column":0},"end":{"line":126,"column":32}},"64":{"start":{"line":138,"column":0},"end":{"line":146,"column":2}},"65":{"start":{"line":139,"column":2},"end":{"line":139,"column":60}},"66":{"start":{"line":142,"column":2},"end":{"line":142,"column":58}},"67":{"start":{"line":144,"column":2},"end":{"line":144,"column":30}},"68":{"start":{"line":145,"column":2},"end":{"line":145,"column":33}},"69":{"start":{"line":156,"column":0},"end":{"line":164,"column":2}},"70":{"start":{"line":157,"column":2},"end":{"line":157,"column":36}},"71":{"start":{"line":160,"column":2},"end":{"line":160,"column":37}},"72":{"start":{"line":162,"column":2},"end":{"line":162,"column":30}},"73":{"start":{"line":163,"column":2},"end":{"line":163,"column":33}},"74":{"start":{"line":176,"column":0},"end":{"line":184,"column":2}},"75":{"start":{"line":177,"column":2},"end":{"line":177,"column":55}},"76":{"start":{"line":180,"column":2},"end":{"line":180,"column":58}},"77":{"start":{"line":182,"column":2},"end":{"line":182,"column":30}},"78":{"start":{"line":183,"column":2},"end":{"line":183,"column":33}},"79":{"start":{"line":193,"column":0},"end":{"line":211,"column":2}},"80":{"start":{"line":194,"column":2},"end":{"line":194,"column":18}},"81":{"start":{"line":195,"column":2},"end":{"line":198,"column":3}},"82":{"start":{"line":196,"column":4},"end":{"line":196,"column":14}},"83":{"start":{"line":197,"column":4},"end":{"line":197,"column":9}},"84":{"start":{"line":199,"column":2},"end":{"line":202,"column":3}},"85":{"start":{"line":200,"column":4},"end":{"line":200,"column":14}},"86":{"start":{"line":201,"column":4},"end":{"line":201,"column":12}},"87":{"start":{"line":203,"column":2},"end":{"line":206,"column":3}},"88":{"start":{"line":204,"column":4},"end":{"line":204,"column":42}},"89":{"start":{"line":205,"column":4},"end":{"line":205,"column":42}},"90":{"start":{"line":207,"column":2},"end":{"line":210,"column":3}},"91":{"start":{"line":208,"column":4},"end":{"line":208,"column":30}},"92":{"start":{"line":209,"column":4},"end":{"line":209,"column":30}},"93":{"start":{"line":219,"column":0},"end":{"line":225,"column":2}},"94":{"start":{"line":220,"column":2},"end":{"line":220,"column":59}},"95":{"start":{"line":221,"column":2},"end":{"line":221,"column":23}},"96":{"start":{"line":222,"column":2},"end":{"line":224,"column":36}},"97":{"start":{"line":234,"column":0},"end":{"line":275,"column":2}},"98":{"start":{"line":235,"column":2},"end":{"line":235,"column":42}},"99":{"start":{"line":235,"column":11},"end":{"line":235,"column":42}},"100":{"start":{"line":237,"column":2},"end":{"line":237,"column":102}},"101":{"start":{"line":238,"column":2},"end":{"line":238,"column":33}},"102":{"start":{"line":243,"column":2},"end":{"line":243,"column":11}},"103":{"start":{"line":244,"column":2},"end":{"line":244,"column":28}},"104":{"start":{"line":245,"column":2},"end":{"line":249,"column":3}},"105":{"start":{"line":246,"column":4},"end":{"line":246,"column":33}},"106":{"start":{"line":247,"column":4},"end":{"line":247,"column":16}},"107":{"start":{"line":248,"column":4},"end":{"line":248,"column":48}},"108":{"start":{"line":250,"column":2},"end":{"line":255,"column":3}},"109":{"start":{"line":251,"column":4},"end":{"line":251,"column":36}},"110":{"start":{"line":252,"column":4},"end":{"line":254,"column":5}},"111":{"start":{"line":253,"column":6},"end":{"line":253,"column":124}},"112":{"start":{"line":256,"column":2},"end":{"line":256,"column":82}},"113":{"start":{"line":259,"column":2},"end":{"line":259,"column":25}},"114":{"start":{"line":260,"column":2},"end":{"line":260,"column":20}},"115":{"start":{"line":261,"column":2},"end":{"line":261,"column":32}},"116":{"start":{"line":262,"column":2},"end":{"line":262,"column":37}},"117":{"start":{"line":263,"column":2},"end":{"line":263,"column":37}},"118":{"start":{"line":264,"column":2},"end":{"line":264,"column":33}},"119":{"start":{"line":265,"column":2},"end":{"line":265,"column":18}},"120":{"start":{"line":268,"column":2},"end":{"line":268,"column":56}},"121":{"start":{"line":269,"column":2},"end":{"line":269,"column":24}},"122":{"start":{"line":270,"column":2},"end":{"line":274,"column":34}},"123":{"start":{"line":283,"column":0},"end":{"line":296,"column":2}},"124":{"start":{"line":284,"column":2},"end":{"line":284,"column":42}},"125":{"start":{"line":284,"column":11},"end":{"line":284,"column":42}},"126":{"start":{"line":286,"column":2},"end":{"line":286,"column":93}},"127":{"start":{"line":287,"column":2},"end":{"line":295,"column":3}},"128":{"start":{"line":289,"column":4},"end":{"line":289,"column":29}},"129":{"start":{"line":290,"column":4},"end":{"line":290,"column":57}},"130":{"start":{"line":290,"column":26},"end":{"line":290,"column":57}},"131":{"start":{"line":291,"column":4},"end":{"line":291,"column":39}},"132":{"start":{"line":293,"column":4},"end":{"line":293,"column":36}},"133":{"start":{"line":294,"column":4},"end":{"line":294,"column":22}},"134":{"start":{"line":305,"column":0},"end":{"line":319,"column":2}},"135":{"start":{"line":306,"column":2},"end":{"line":306,"column":60}},"136":{"start":{"line":307,"column":2},"end":{"line":307,"column":44}},"137":{"start":{"line":308,"column":2},"end":{"line":308,"column":36}},"138":{"start":{"line":309,"column":2},"end":{"line":309,"column":48}},"139":{"start":{"line":309,"column":21},"end":{"line":309,"column":48}},"140":{"start":{"line":313,"column":2},"end":{"line":313,"column":42}},"141":{"start":{"line":314,"column":2},"end":{"line":314,"column":23}},"142":{"start":{"line":315,"column":2},"end":{"line":318,"column":41}},"143":{"start":{"line":328,"column":0},"end":{"line":340,"column":2}},"144":{"start":{"line":329,"column":2},"end":{"line":329,"column":42}},"145":{"start":{"line":329,"column":11},"end":{"line":329,"column":42}},"146":{"start":{"line":331,"column":2},"end":{"line":331,"column":100}},"147":{"start":{"line":332,"column":2},"end":{"line":332,"column":33}},"148":{"start":{"line":333,"column":2},"end":{"line":333,"column":40}},"149":{"start":{"line":335,"column":2},"end":{"line":335,"column":22}},"150":{"start":{"line":336,"column":2},"end":{"line":336,"column":119}},"151":{"start":{"line":337,"column":2},"end":{"line":337,"column":35}},"152":{"start":{"line":338,"column":2},"end":{"line":338,"column":37}},"153":{"start":{"line":339,"column":2},"end":{"line":339,"column":41}},"154":{"start":{"line":348,"column":0},"end":{"line":355,"column":2}},"155":{"start":{"line":349,"column":2},"end":{"line":349,"column":34}},"156":{"start":{"line":350,"column":2},"end":{"line":350,"column":20}},"157":{"start":{"line":351,"column":2},"end":{"line":354,"column":3}},"158":{"start":{"line":353,"column":4},"end":{"line":353,"column":19}},"159":{"start":{"line":363,"column":0},"end":{"line":369,"column":2}},"160":{"start":{"line":364,"column":2},"end":{"line":364,"column":35}},"161":{"start":{"line":365,"column":2},"end":{"line":365,"column":21}},"162":{"start":{"line":366,"column":2},"end":{"line":368,"column":3}},"163":{"start":{"line":367,"column":4},"end":{"line":367,"column":22}},"164":{"start":{"line":378,"column":0},"end":{"line":418,"column":2}},"165":{"start":{"line":379,"column":2},"end":{"line":379,"column":47}},"166":{"start":{"line":380,"column":2},"end":{"line":380,"column":10}},"167":{"start":{"line":381,"column":2},"end":{"line":385,"column":3}},"168":{"start":{"line":382,"column":4},"end":{"line":382,"column":27}},"169":{"start":{"line":384,"column":4},"end":{"line":384,"column":33}},"170":{"start":{"line":387,"column":2},"end":{"line":387,"column":18}},"171":{"start":{"line":388,"column":2},"end":{"line":388,"column":18}},"172":{"start":{"line":389,"column":2},"end":{"line":389,"column":34}},"173":{"start":{"line":391,"column":2},"end":{"line":398,"column":3}},"174":{"start":{"line":392,"column":4},"end":{"line":392,"column":27}},"175":{"start":{"line":393,"column":4},"end":{"line":397,"column":5}},"176":{"start":{"line":395,"column":6},"end":{"line":395,"column":27}},"177":{"start":{"line":396,"column":6},"end":{"line":396,"column":35}},"178":{"start":{"line":400,"column":2},"end":{"line":417,"column":3}},"179":{"start":{"line":401,"column":4},"end":{"line":401,"column":42}},"180":{"start":{"line":402,"column":4},"end":{"line":406,"column":5}},"181":{"start":{"line":403,"column":6},"end":{"line":403,"column":30}},"182":{"start":{"line":405,"column":6},"end":{"line":405,"column":14}},"183":{"start":{"line":407,"column":9},"end":{"line":417,"column":3}},"184":{"start":{"line":408,"column":4},"end":{"line":408,"column":33}},"185":{"start":{"line":409,"column":4},"end":{"line":409,"column":36}},"186":{"start":{"line":410,"column":4},"end":{"line":410,"column":40}},"187":{"start":{"line":411,"column":9},"end":{"line":417,"column":3}},"188":{"start":{"line":412,"column":4},"end":{"line":412,"column":18}},"189":{"start":{"line":415,"column":4},"end":{"line":415,"column":23}},"190":{"start":{"line":416,"column":4},"end":{"line":416,"column":40}},"191":{"start":{"line":427,"column":0},"end":{"line":446,"column":2}},"192":{"start":{"line":428,"column":2},"end":{"line":445,"column":3}},"193":{"start":{"line":429,"column":4},"end":{"line":429,"column":21}},"194":{"start":{"line":430,"column":4},"end":{"line":430,"column":43}},"195":{"start":{"line":431,"column":4},"end":{"line":435,"column":5}},"196":{"start":{"line":432,"column":6},"end":{"line":432,"column":41}},"197":{"start":{"line":434,"column":6},"end":{"line":434,"column":28}},"198":{"start":{"line":436,"column":9},"end":{"line":445,"column":3}},"199":{"start":{"line":437,"column":4},"end":{"line":437,"column":27}},"200":{"start":{"line":438,"column":9},"end":{"line":445,"column":3}},"201":{"start":{"line":439,"column":4},"end":{"line":439,"column":52}},"202":{"start":{"line":440,"column":4},"end":{"line":440,"column":66}},"203":{"start":{"line":443,"column":4},"end":{"line":443,"column":33}},"204":{"start":{"line":444,"column":4},"end":{"line":444,"column":40}},"205":{"start":{"line":454,"column":0},"end":{"line":457,"column":2}},"206":{"start":{"line":455,"column":2},"end":{"line":455,"column":42}},"207":{"start":{"line":455,"column":11},"end":{"line":455,"column":42}},"208":{"start":{"line":456,"column":2},"end":{"line":456,"column":30}},"209":{"start":{"line":476,"column":0},"end":{"line":
[...]
e":43,"column":2},"end":{"line":43,"column":30}},"12":{"start":{"line":44,"column":2},"end":{"line":44,"column":18}},"13":{"start":{"line":45,"column":2},"end":{"line":54,"column":5}},"14":{"start":{"line":46,"column":4},"end":{"line":46,"column":28}},"15":{"start":{"line":46,"column":13},"end":{"line":46,"column":28}},"16":{"start":{"line":48,"column":4},"end":{"line":52,"column":7}},"17":{"start":{"line":49,"column":6},"end":{"line":51,"column":7}},"18":{"start":{"line":50,"column":8},"end":{"line":50,"column":31}},"19":{"start":{"line":53,"column":4},"end":{"line":53,"column":19}}},"branchMap":{"1":{"line":38,"type":"if","locations":[{"start":{"line":38,"column":2},"end":{"line":38,"column":2}},{"start":{"line":38,"column":2},"end":{"line":38,"column":2}}]},"2":{"line":46,"type":"if","locations":[{"start":{"line":46,"column":4},"end":{"line":46,"column":4}},{"start":{"line":46,"column":4},"end":{"line":46,"column":4}}]},"3":{"line":49,"type":"if","locations":[{"start":{"line":49,"column":6},"end":{"line":49,"column":6}},{"start":{"line":49,"column":6},"end":{"line":49,"column":6}}]}},"code":["","/**"," * Module dependencies."," */","","var util = require('./util');","var Album = require('./schemas').build('metadata', 'Album');","var debug = require('debug')('spotify-web:album');","","/**"," * Module exports."," */","","exports = module.exports = Album;","","/**"," * Album URI getter."," */","","Object.defineProperty(Album.prototype, 'uri', {","  get: function () {","    return util.gid2uri('album', this.gid);","  },","  enumerable: true,","  configurable: true","});","","/**"," * Loads all the metadata for this Album instance. Useful for when you get an only"," * partially filled Album instance from an Album instance for example."," *"," * @param {Function} fn callback function"," * @api public"," */","","Album.prototype.get =","Album.prototype.metadata = function (fn) {","  if (this._loaded) {","    // already been loaded...","    debug('album already loaded');","    return process.nextTick(fn.bind(null, null, this));","  }","  var spotify = this._spotify;","  var self = this;","  spotify.get(this.uri, function (err, album) {","    if (err) return fn(err);","    // extend this Album instance with the new one's properties","    Object.keys(album).forEach(function (key) {","      if (!self.hasOwnProperty(key)) {","        self[key] = album[key];","      }","    });","    fn(null, self);","  });","};",""],"l":{"6":1,"7":1,"8":1,"14":1,"20":1,"22":2,"36":1,"38":0,"40":0,"41":0,"43":0,"44":0,"45":0,"46":0,"48":0,"49":0,"50":0,"53":0}},"/home/travis/build/npmtest/node-npmtest-spotify-web/node_modules/spotify-web/lib/track.js":{"path":"/home/travis/build/npmtest/node-npmtest-spotify-web/node_modules/spotify-web/lib/track.js","s":{"1":1,"2":1,"3":1,"4":1,"5":1,"6":0,"7":1,"8":1,"9":2,"10":1,"11":2,"12":2,"13":1,"14":0,"15":0,"16":0,"17":0,"18":0,"19":0,"20":0,"21":0,"22":0,"23":0,"24":0,"25":0,"26":1,"27":0,"28":0,"29":0,"30":0,"31":0,"32":0,"33":0,"34":0,"35":0,"36":0,"37":0,"38":0,"39":0,"40":0,"41":0,"42":0,"43":1,"44":0,"45":0,"46":0,"47":0,"48":0,"49":1,"50":0,"51":0,"52":0,"53":0,"54":0,"55":0,"56":0,"57":0,"58":0,"59":0,"60":1,"61":0,"62":0,"63":0,"64":0,"65":0},"b":{"1":[0,1],"2":[2,0],"3":[0,0],"4":[0,0],"5":[0,0],"6":[0,0],"7":[0,0],"8":[0,0],"9":[0,0],"10":[0,0],"11":[0,0],"12":[0,0]},"f":{"1":2,"2":2,"3":0,"4":0,"5":0,"6":0,"7":0,"8":0,"9":0,"10":0,"11":0},"fnMap":{"1":{"name":"(anonymous_1)","line":25,"loc":{"start":{"line":25,"column":7},"end":{"line":25,"column":19}}},"2":{"name":"(anonymous_2)","line":36,"loc":{"start":{"line":36,"column":7},"end":{"line":36,"column":19}}},"3":{"name":"(anonymous_3)","line":53,"loc":{"start":{"line":53,"column":27},"end":{"line":53,"column":41}}},"4":{"name":"(anonymous_4)","line":61,"loc":{"start":{"line":61,"column":24},"end":{"line":61,"column":46}}},"5":{"name":"(anonymous_5)","line":64,"loc":{"start":{"line":64,"column":31},"end":{"line":64,"column":46}}},"6":{"name":"(anonymous_6)","line":79,"loc":{"start":{"line":79,"column":23},"end":{"line":79,"column":35}}},"7":{"name":"(anonymous_7)","line":95,"loc":{"start":{"line":95,"column":26},"end":{"line":95,"column":46}}},"8":{"name":"response","line":107,"loc":{"start":{"line":107,"column":2},"end":{"line":107,"column":26}}},"9":{"name":"(anonymous_9)","line":126,"loc":{"start":{"line":126,"column":30},"end":{"line":126,"column":42}}},"10":{"name":"(anonymous_10)","line":132,"loc":{"start":{"line":132,"column":21},"end":{"line":132,"column":32}}},"11":{"name":"response","line":145,"loc":{"start":{"line":145,"column":2},"end":{"line":145,"column":26}}}},"statementMap":{"1":{"start":{"line":6,"column":0},"end":{"line":6,"column":29}},"2":{"start":{"line":7,"column":0},"end":{"line":7,"column":59}},"3":{"start":{"line":8,"column":0},"end":{"line":8,"column":48}},"4":{"start":{"line":9,"column":0},"end":{"line":9,"column":50}},"5":{"start":{"line":12,"column":0},"end":{"line":12,"column":71}},"6":{"start":{"line":12,"column":18},"end":{"line":12,"column":71}},"7":{"start":{"line":18,"column":0},"end":{"line":18,"column":33}},"8":{"start":{"line":24,"column":0},"end":{"line":30,"column":3}},"9":{"start":{"line":26,"column":4},"end":{"line":26,"column":43}},"10":{"start":{"line":35,"column":0},"end":{"line":42,"column":2}},"11":{"start":{"line":37,"column":4},"end":{"line":37,"column":76}},"12":{"start":{"line":38,"column":4},"end":{"line":38,"column":89}},"13":{"start":{"line":52,"column":0},"end":{"line":71,"column":2}},"14":{"start":{"line":54,"column":2},"end":{"line":58,"column":3}},"15":{"start":{"line":56,"column":4},"end":{"line":56,"column":34}},"16":{"start":{"line":57,"column":4},"end":{"line":57,"column":55}},"17":{"start":{"line":59,"column":2},"end":{"line":59,"column":30}},"18":{"start":{"line":60,"column":2},"end":{"line":60,"column":18}},"19":{"start":{"line":61,"column":2},"end":{"line":70,"column":5}},"20":{"start":{"line":62,"column":4},"end":{"line":62,"column":28}},"21":{"start":{"line":62,"column":13},"end":{"line":62,"column":28}},"22":{"start":{"line":64,"column":4},"end":{"line":68,"column":7}},"23":{"start":{"line":65,"column":6},"end":{"line":67,"column":7}},"24":{"start":{"line":66,"column":8},"end":{"line":66,"column":31}},"25":{"start":{"line":69,"column":4},"end":{"line":69,"column":19}},"26":{"start":{"line":79,"column":0},"end":{"line":118,"column":2}},"27":{"start":{"line":81,"column":2},"end":{"line":81,"column":30}},"28":{"start":{"line":82,"column":2},"end":{"line":82,"column":33}},"29":{"start":{"line":85,"column":2},"end":{"line":85,"column":35}},"30":{"start":{"line":86,"column":2},"end":{"line":89,"column":3}},"31":{"start":{"line":87,"column":4},"end":{"line":87,"column":76}},"32":{"start":{"line":88,"column":4},"end":{"line":88,"column":30}},"33":{"start":{"line":92,"column":2},"end":{"line":92,"column":38}},"34":{"start":{"line":95,"column":2},"end":{"line":105,"column":5}},"35":{"start":{"line":96,"column":4},"end":{"line":96,"column":46}},"36":{"start":{"line":96,"column":13},"end":{"line":96,"column":46}},"37":{"start":{"line":97,"column":4},"end":{"line":97,"column":88}},"38":{"start":{"line":97,"column":18},"end":{"line":97,"column":88}},"39":{"start":{"line":98,"column":4},"end":{"line":98,"column":29}},"40":{"start":{"line":99,"column":4},"end":{"line":99,"column":29}},"41":{"start":{"line":100,"column":4},"end":{"line":103,"column":17}},"42":{"start":{"line":104,"column":4},"end":{"line":104,"column":33}},"43":{"start":{"line":107,"column":2},"end":{"line":114,"column":3}},"44":{"start":{"line":108,"column":4},"end":{"line":108,"column":57}},"45":{"start":{"line":109,"column":4},"end":{"line":113,"column":5}},"46":{"start":{"line":110,"column":6},"end":{"line":110,"column":23}},"47":{"start":{"line":112,"column":6},"end":{"line":112,"column":76}},"48":{"start":{"line":117,"column":2},"end":{"line":117,"column":16}},"49":{"start":{"line":126,"column":0},"end":{"line":156,"column":2}},"50":{"start":{"line":127,"column":2},"end":{"line":127,"column":30}},"51":{"start":{"line":128,"column":2},"end":{"line":128,"column":33}},"52":{"start":{"line":129,"column":2},"end":{"line":129,"column":35}},"53":{"start":{"line":131,"column":2},"end":{"line":136,"column":3}},"54":{"start":{"line":132,"column":4},"end":{"line":134,"column":7}},"55":{"start":{"line":133,"column":6},"end":{"line":133,"column":79}},"56":{"start":{"line":135,"column":4},"end":{"line":135,"column":18}},"57":{"start":{"line":138,"column":2},"end":{"line":138,"column":30}},"58":{"start":{"line":139,"column":2},"end":{"line":142,"column":15}},"59":{"start":{"line":143,"column":2},"end":{"line":143,"column":31}},"60":{"start":{"line":145,"column":2},"end":{"line":152,"column":3}},"61":{"start":{"line":146,"column":4},"end":{"line":146,"column":57}},"62":{"start":{"line":147,"column":4},"end":{"line":151,"column":5}},"63":{"start":{"line":148,"column":6},"end":{"line":148,"column":23}},"64":{"start":{"line":150,"column":6},"end":{"line":150,"column":76}},"65":{"start":{"line":155,"column":2},"end":{"line":155,"column":16}}},"branchMap":{"1":{"line":12,"type":"if","locations":[{"start":{"line":12,"column":0},"end":{"line":12,"column":0}},{"start":{"line":12,"column":0},"end":{"line":12,"column":0}}]},"2":{"line":38,"type":"binary-expr","locations":[{"start":{"line":38,"column":11},"end":{"line":38,"column":30}},{"start":{"line":38,"column":35},"end":{"line":38,"column":87}}]},"3":{"line":54,"type":"if","locations":[{"start":{"line":54,"column":2},"end":{"line":54,"column":2}},{"start":{"line":54,"column":2},"end":{"line":54,"column":2}}]},"4":{"line":62,"type":"if","locations":[{"start":{"line":62,"column":4},"end":{"line":62,"column":4}},{"start":{"line":62,"column":4},"end":{"line":62,"column":4}}]},"5":{"line":65,"type":"if","locations":[{"start":{"line":65,"column":6},"end":{"line":65,"column":6}},{"start":{"line":65,"column":6},"end":{"line":65,"column":6}}]},"6":{"line":86,"type":"if","locations":[{"start":{"line":86,"column":2},"end":{"line":86,"column":2}},{"start":{"line":86,"column":2},"end":{"line":86,"column":2}}]},"7":{"line":86,"type":"binary-expr","locations":[{"start":{"line":86,"column":6},"end":{"line":86,"column":11}},{"start":{"line":86,"column":15},"end":{"line":86,"column":33}}]},"8":{"line":96,"type":"if","locations":[{"start":{"line":96,"column":4},"end":{"line":96,"column":4}},{"start":{"line":96,"column":4},"end":{"line":96,"column":4}}]},"9":{"line":97,"type":"if","locations":[{"start":{"line":97,"column":4},"end":{"line":97,"column":4}},{"start":{"line":97,"column":4},"end":{"line":97,"column":4}}]},"10":{"line":109,"type":"if","locations":[{"start":{"line":109,"column":4},"end":{"line":109,"column":4}},{"start":{"line":109,"column":4},"end":{"line":109,"column":4}}]},"11":{"line":131,"type":"if","locations":[{"start":{"line":131,"column":2},"end":{"line":131,"column":2}},{"start":{"line":131,"column":2},"end":{"line":131,"column":2}}]},"12":{"line":147,"type":"if","locations":[{"start":{"line":147,"column":4},"end":{"line":147,"column":4}},{"start":{"line":147,"column":4},"end":{"line":147,"column":4}}]}},"code":["","/**"," * Module dependencies."," */","","var util = require('./util');","var Track = require('./schemas').build('metadata','Track');","var PassThrough = require('stream').PassThrough;","var debug = require('debug')('spotify-web:track');","","// node v0.8.x compat","if (!PassThrough) PassThrough = require('readable-stream/passthrough');","","/**"," * Module exports."," */","","exports = module.exports = Track;","","/**"," * Track URI getter."," */","","Object.defineProperty(Track.prototype, 'uri', {","  get: function () {","    return util.gid2uri('track', this.gid);","  },","  enumerable: true,","  configurable: true","});","","/**"," * Track Preview URL getter"," */","Object.defineProperty(Track.prototype, 'previewUrl', {","  get: function () {","    var previewUrlBase = 'http://d318706lgtcm8e.cloudfront.net/mp3-preview/'","    return this.preview.length && (previewUrlBase + util.gid2id(this.preview[0].fileId));","  },","  enumerable: true,","  configurable: true","})","","/**"," * Loads all the metadata for this Track instance. Useful for when you get an only"," * partially filled Track instance from an Album instance for example."," *"," * @param {Function} fn callback function"," * @api public"," */","","Track.prototype.get =","Track.prototype.metadata = function (fn) {","  if (this._loaded) {","    // already been loaded...","    debug('track already loaded');","    return process.nextTick(fn.bind(null, null, this));","  }","  var spotify = this._spotify;","  var self = this;","  spotify.get(this.uri, function (err, track) {","    if (err) return fn(err);","    // extend this Track instance with the new one's properties","    Object.keys(track).forEach(function (key) {","      if (!self.hasOwnProperty(key)) {","        self[key] = track[key];","      }","    });","    fn(null, self);","  });","};","","/**"," * Begins playing this track, returns a Readable stream that outputs MP3 data."," *"," * @api public"," */","","Track.prototype.play = function () {","  // TODO: add formatting options once we figure that out","  var spotify = this._spotify;","  var stream = new PassThrough();","","  // if a song was playing before this, the \"track_end\" command needs to be sent","  var track = spotify.currentTrack;","  if (track && track._playSession) {","    spotify.sendTrackEnd(track._playSession.lid, track.uri, track.duration);","    track._playSession = null;","  }","","  // set this Track instance as the \"currentTrack\"","  spotify.currentTrack = track = this;","","  // initiate a \"play session\" for this Track","  spotify.trackUri(track, function (err, res) {","    if (err) return stream.emit('error', err);","    if (!res.uri) return stream.emit('error', new Error('response contained no \"uri\"'));","    debug('GET %s', res.uri);","    track._playSession = res;","    var req = spotify.agent.get(res.uri)","      .set({ 'User-Agent': spotify.userAgent })","      .end()","      .request();","    req.on('response', response);","  });","","  function response (res) {","    debug('HTTP/%s %s', res.httpVersion, res.statusCode);","    if (res.statusCode == 200) {","      res.pipe(stream);","    } else {","      stream.emit('error', new Error('HTTP Status Code ' + res.statusCode));","    }","  }","","  // return stream immediately so it can be .pipe()'d","  return stream;","};","","/**"," * Begins playing a preview of the track, returns a Readable stream that outputs MP3 data."," *"," * @api public"," */","","Track.prototype.playPreview = function () {","  var spotify = this._spotify;","  var stream = new PassThrough();","  var previewUrl = this.previewUrl;","","  if (!previewUrl) {","    process.nextTick(function() {","      stream.emit('error', new Error('Track does not have preview available'));","    });","    return stream;","  }","","  debug('GET %s', previewUrl);","  var req = spotify.agent.get(previewUrl)","    .set({ 'User-Agent': spotify.userAgent })","    .end()","    .request();","  req.on('response', response);","","  function response (res) {","    debug('HTTP/%s %s', res.httpVersion, res.statusCode);","    if (res.statusCode == 200) {","      res.pipe(stream);","    } else {","      stream.emit('error', new Error('HTTP Status Code ' + res.statusCode));","    }","  }","","  // return stream immediately so it can be .pipe()'d","  return stream;","};",""],"l":{"6":1,"7":1,"8":1,"9":1,"12":1,"18":1,"24":1,"26":2,"35":1,"37":2,"38":2,"52":1,"54":0,"56":0,"57":0,"59":0,"60":0,"61":0,"62":0,"64":0,"65":0,"66":0,"69":0,"79":1,"81":0,"82":0,"85":0,"86":0,"87":0,"88":0,"92":0,"95":0,"96":0,"97":0,"98":0,"99":0,"100":0,"104":0,"107":1,"108":0,"109":0,"110":0,"112":0,"117":0,"126":1,"127":0,"128":0,"129":0,"131":0,"132":0,"133":0,"135":0,"138":0,"139":0,"143":0,"145":1,"146":0,"147":0,"148":0,"150":0,"155":0}},"/home/travis/build/npmtest/node-npmtest-spotify-web/node_modules/spotify-web/lib/image.js":{"path":"/home/travis/build/npmtest/node-npmtest-spotify-web/node_modules/spotify-web/lib/image.js","s":{"1":1,"2":1,"3":1,"4":1,"5":2,"6":2,"7":0},"b":{},"f":{"1":2},"fnMap":{"1":{"name":"(anonymous_1)","line":20,"loc":{"start":{"line":20,"column":7},"end":{"line":20,"column":19}}}},"statementMap":{"1":{"start":{"line":6,"column":0},"end":{"line":6,"column":38}},"2":{"start":{"line":7,"column":0},"end":{"line":7,"column":59}},"3":{"start":{"line":13,"column":0},"end":{"line":13,"column":33}},"4":{"start":{"line":19,"column":0},"end":{"line":27,"column":3}},"5":{"start":{"line":21,"column":4},"end":{"line":21,"column":32}},"6":{"start":{"line":22,"column":4},"end":{"line":22,"column":45}},"7":{"start":{"line":23,"column":4},"end":{"line":23,"column":38}}},"branchMap":{},"code":["","/**"," * Module dependencies."," */","","var gid2id = require('./util').gid2id;","var Image = require('./schemas').build('metadata','Image');","","/**"," * Module exports."," */","","exports = module.exports = Image;","","/**"," * Image HTTP link getter."," */","","Object.defineProperty(Image.prototype, 'uri', {","  get: function () {","    var spotify = this._spotify;","    var base = spotify.sourceUrls[this.size];","    return base + gid2id(this.fileId);","  },","  enumerable: true,","  configurable: true","});",""],"l":{"6":1,"7":1,"13":1,"19":1,"21":2,"22":2,"23":0}},"/home/travis/build/npmtest/node-npmtest-spotify-web/node_modules/spotify-web/lib/restriction.js":{"path":"/home/travis/build/npmtest/node-npmtest-spotify-web/node_modules/spotify-web/lib/restriction.js","s":{"1":1,"2":1,"3":1,"4":1,"5":2,"6":2,"7":0,"8":1,"9":2,"10":2,"11":0},"b":{"1":[2,0],"2":[2,0]},"f":{"1":2,"2":2},"fnMap":{"1":{"name":"(anonymous_1)","line":20,"loc":{"start":{"line":20,"column":7},"end":{"line":20,"column":19}}},"2":{"name":"(anonymous_2)","line":33,"loc":{"start":{"line":33,"column":7},"end":{"line":33,"column":19}}}},"statementMap":{"1":{"start":{"line":6,"column":0},"end":{"line":6,"column":29}},"2":{"start":{"line":7,"column":0},"end":{"line":7,"column":71}},"3":{"start":{"line":13,"column":0},"end":{"line":13,"column":39}},"4":{"start":{"line":19,"column":0},"end":{"line":26,"column":3}},"5":{"start":{"line":21,"column":4},"end":{"line":21,"column":42}},"6":{"start":{"line":21,"column":32},"end":{"line":21,"column":42}},"7":{"start":{"line":22,"column":4},"end":{"line":22,"column":52}},"8":{"start":{"line":32,"column":0},"end":{"line":39,"column":3}},"9":{"start":{"line":34,"column":4},"end":{"line":34,"column":44}},"10":{"start":{"line":34,"column":34},"end":{"line":34,"column":44}},"11":{"start":{"line":35,"column":4},"end":{"line":35,"column":54}}},"branchMap":{"1":{"line":21,"type":"if","locations":[{"start":{"line":21,"column":4},"end":{"line":21,"column":4}},{"start":{"line":21,"column":4},"end":{"line":21,"column":4}}]},"2":{"line":34,"type":"if","locations":[{"start":{"line":34,"column":4},"end":{"line":34,"column":4}},{"start":{"line":34,"column":4},"end":{"line":34,"column":4}}]}},"code":["","/**"," * Module dependencies."," */","","var util = require('./util');","var Restriction = require('./schemas').build('metadata','Restriction');","","/**"," * Module exports."," */","","exports = module.exports = Restriction;","","/**"," * Allowed countries 2-letter code Array getter."," */","","Object.defineProperty(Restriction.prototype, 'allowed', {","  get: function () {","    if (!this.countriesAllowed) return [];","    return this.countriesAllowed.match(/[A-Z]{2}/g);","  },","  enumerable: true,","  configurable: true","});","","/**"," * Forbidden countries 2-letter code Array getter."," */","","Object.defineProperty(Restriction.prototype, 'forbidden', {","  get: function () {","    if (!this.countriesForbidden) return [];","    return this.countriesForbidden.match(/[A-Z]{2}/g);","  },","  enumerable: true,","  configurable: true","});",""],"l":{"6":1,"7":1,"13":1,"19":1,"21":2,"22":0,"32":1,"34":2,"35":0}}}